12 20, 2020 14:57:49 下午 cn.how2j.diytomcat.catalina.Context <init>
INFO : Deploying web application directory F:\project6\diytomcat\webapps\a
12 20, 2020 14:57:49 下午 cn.how2j.diytomcat.catalina.Context <init>
INFO : Deployment of web application directory F:\project6\diytomcat\webapps\a has finished in 310 ms
12 20, 2020 14:57:49 下午 cn.how2j.diytomcat.catalina.Context <init>
INFO : Deploying web application directory F:\project6\diytomcat\webapps\j2ee
12 20, 2020 14:57:49 下午 cn.how2j.diytomcat.catalina.Context <init>
INFO : Deployment of web application directory F:\project6\diytomcat\webapps\j2ee has finished in 4 ms
12 20, 2020 14:57:49 下午 cn.how2j.diytomcat.catalina.Context <init>
INFO : Deploying web application directory F:\project6\diytomcat\webapps\ROOT
12 20, 2020 14:57:49 下午 cn.how2j.diytomcat.catalina.Context <init>
INFO : Deployment of web application directory F:\project6\diytomcat\webapps\ROOT has finished in 2 ms
12 20, 2020 14:57:49 下午 cn.how2j.diytomcat.catalina.Context <init>
INFO : Deploying web application directory F:/project6/diytomcat/b
12 20, 2020 14:57:49 下午 cn.how2j.diytomcat.catalina.Context <init>
INFO : Deployment of web application directory F:/project6/diytomcat/b has finished in 2 ms
12 20, 2020 14:57:49 下午 cn.how2j.diytomcat.catalina.Context <init>
INFO : Deploying web application directory F:/project6/javaweb/web
12 20, 2020 14:57:49 下午 cn.how2j.diytomcat.catalina.Context <init>
INFO : Deployment of web application directory F:/project6/javaweb/web has finished in 45 ms
12 20, 2020 14:57:49 下午 cn.how2j.diytomcat.catalina.Server logJVM
INFO : Server version:		How2j DiyTomcat/1.0.1
12 20, 2020 14:57:49 下午 cn.how2j.diytomcat.catalina.Server logJVM
INFO : Server built:		2020-12-13 18:28:50
12 20, 2020 14:57:49 下午 cn.how2j.diytomcat.catalina.Server logJVM
INFO : Server number:		1.0.1
12 20, 2020 14:57:49 下午 cn.how2j.diytomcat.catalina.Server logJVM
INFO : OS Name	:		Windows 10
12 20, 2020 14:57:49 下午 cn.how2j.diytomcat.catalina.Server logJVM
INFO : OS Version:		10.0
12 20, 2020 14:57:49 下午 cn.how2j.diytomcat.catalina.Server logJVM
INFO : Architecture:		amd64
12 20, 2020 14:57:49 下午 cn.how2j.diytomcat.catalina.Server logJVM
INFO : Java Home:		C:\Program Files\Java\jdk1.8.0_144\jre
12 20, 2020 14:57:49 下午 cn.how2j.diytomcat.catalina.Server logJVM
INFO : JVM Version:		1.8.0_144-b01
12 20, 2020 14:57:49 下午 cn.how2j.diytomcat.catalina.Server logJVM
INFO : JVM Vendor:		Oracle Corporation
12 20, 2020 14:57:49 下午 cn.how2j.diytomcat.catalina.Connector init
INFO : Initializing ProtocolHandler [http-bio-18080]
12 20, 2020 14:57:49 下午 cn.how2j.diytomcat.catalina.Connector init
INFO : Initializing ProtocolHandler [http-bio-18081]
12 20, 2020 14:57:49 下午 cn.how2j.diytomcat.catalina.Connector init
INFO : Initializing ProtocolHandler [http-bio-18082]
12 20, 2020 14:57:49 下午 cn.how2j.diytomcat.catalina.Service init
INFO : Initialization processed in 1 ms
12 20, 2020 14:57:49 下午 cn.how2j.diytomcat.catalina.Connector start
INFO : Starting ProtocolHandler [http-bio-18080]
12 20, 2020 14:57:49 下午 cn.how2j.diytomcat.catalina.Connector start
INFO : Starting ProtocolHandler [http-bio-18081]
12 20, 2020 14:57:49 下午 cn.how2j.diytomcat.catalina.Connector start
INFO : Starting ProtocolHandler [http-bio-18082]
12 20, 2020 14:57:49 下午 cn.how2j.diytomcat.catalina.Server start
INFO : Server startup in 6 ms
12 20, 2020 14:58:00 下午 cn.how2j.diytomcat.catalina.HttpProcessor error
ERROR: this is a deliberately created exception
java.lang.RuntimeException: this is a deliberately created exception
	at cn.how2j.diytomcat.servlets.DefaultServlet.service(DefaultServlet.java:54)
	at cn.how2j.diytomcat.catalina.HttpProcessor.execute(HttpProcessor.java:61)
	at cn.how2j.diytomcat.catalina.Connector.lambda$run$0(Connector.java:114)
	at java.util.concurrent.ThreadPoolExecutor.runWorker(ThreadPoolExecutor.java:1149)
	at java.util.concurrent.ThreadPoolExecutor$Worker.run(ThreadPoolExecutor.java:624)
	at java.lang.Thread.run(Thread.java:748)
12 20, 2020 15:39:38 下午 cn.how2j.diytomcat.watcher.ContextFileChangeWatcher$1 dealWith
INFO : cn.how2j.diytomcat.watcher.ContextFileChangeWatcher@3ee8a6ec检测到了Web应用下的重要文件变化 web.xml
12 20, 2020 15:39:38 下午 cn.how2j.diytomcat.catalina.Host reload
INFO : Reloading Context with name [/javaweb] has started
12 20, 2020 15:39:38 下午 cn.how2j.diytomcat.catalina.Context <init>
INFO : Deploying web application directory F:/project6/javaweb/web
12 20, 2020 15:39:38 下午 cn.how2j.diytomcat.catalina.Context <init>
INFO : Deployment of web application directory F:/project6/javaweb/web has finished in 9 ms
12 20, 2020 15:39:38 下午 cn.how2j.diytomcat.catalina.Host reload
INFO : Reloading Context with name [/javaweb] has completed
12 20, 2020 15:40:49 下午 cn.how2j.diytomcat.watcher.ContextFileChangeWatcher$1 dealWith
INFO : cn.how2j.diytomcat.watcher.ContextFileChangeWatcher@1b9d5b37检测到了Web应用下的重要文件变化 web.xml
12 20, 2020 15:40:49 下午 cn.how2j.diytomcat.catalina.Host reload
INFO : Reloading Context with name [/javaweb] has started
12 20, 2020 15:40:49 下午 cn.how2j.diytomcat.catalina.Context <init>
INFO : Deploying web application directory F:/project6/javaweb/web
12 20, 2020 15:40:49 下午 cn.how2j.diytomcat.catalina.Context <init>
INFO : Deployment of web application directory F:/project6/javaweb/web has finished in 5 ms
12 20, 2020 15:40:49 下午 cn.how2j.diytomcat.catalina.Host reload
INFO : Reloading Context with name [/javaweb] has completed
12 20, 2020 15:42:41 下午 cn.how2j.diytomcat.watcher.ContextFileChangeWatcher$1 dealWith
INFO : cn.how2j.diytomcat.watcher.ContextFileChangeWatcher@61e70991检测到了Web应用下的重要文件变化 web.xml
12 20, 2020 15:42:41 下午 cn.how2j.diytomcat.catalina.Host reload
INFO : Reloading Context with name [/javaweb] has started
12 20, 2020 15:42:41 下午 cn.how2j.diytomcat.catalina.Context <init>
INFO : Deploying web application directory F:/project6/javaweb/web
12 20, 2020 15:42:41 下午 cn.how2j.diytomcat.catalina.Context <init>
INFO : Deployment of web application directory F:/project6/javaweb/web has finished in 5 ms
12 20, 2020 15:42:41 下午 cn.how2j.diytomcat.catalina.Host reload
INFO : Reloading Context with name [/javaweb] has completed
12 20, 2020 15:44:40 下午 cn.how2j.diytomcat.watcher.ContextFileChangeWatcher$1 dealWith
INFO : cn.how2j.diytomcat.watcher.ContextFileChangeWatcher@13fc0c19检测到了Web应用下的重要文件变化 PfmFilter.class
12 20, 2020 15:44:40 下午 cn.how2j.diytomcat.catalina.Host reload
INFO : Reloading Context with name [/javaweb] has started
12 20, 2020 15:44:40 下午 cn.how2j.diytomcat.catalina.Context <init>
INFO : Deploying web application directory F:/project6/javaweb/web
12 20, 2020 15:44:40 下午 cn.how2j.diytomcat.catalina.Context <init>
INFO : Deployment of web application directory F:/project6/javaweb/web has finished in 5 ms
12 20, 2020 15:44:40 下午 cn.how2j.diytomcat.catalina.Host reload
INFO : Reloading Context with name [/javaweb] has completed
12 20, 2020 15:44:40 下午 cn.how2j.diytomcat.watcher.ContextFileChangeWatcher$1 dealWith
INFO : cn.how2j.diytomcat.watcher.ContextFileChangeWatcher@345a58ae检测到了Web应用下的重要文件变化 URLFilter.class
12 20, 2020 15:44:40 下午 cn.how2j.diytomcat.catalina.Host reload
INFO : Reloading Context with name [/javaweb] has started
12 20, 2020 15:44:40 下午 cn.how2j.diytomcat.catalina.Context <init>
INFO : Deploying web application directory F:/project6/javaweb/web
12 20, 2020 15:44:40 下午 cn.how2j.diytomcat.catalina.Context <init>
INFO : Deployment of web application directory F:/project6/javaweb/web has finished in 4 ms
12 20, 2020 15:44:40 下午 cn.how2j.diytomcat.catalina.Host reload
INFO : Reloading Context with name [/javaweb] has completed
12 20, 2020 16:34:23 下午 cn.how2j.diytomcat.catalina.Context <init>
INFO : Deploying web application directory F:\project6\diytomcat\webapps\a
12 20, 2020 16:34:23 下午 cn.how2j.diytomcat.catalina.Context <init>
INFO : Deployment of web application directory F:\project6\diytomcat\webapps\a has finished in 142 ms
12 20, 2020 16:34:23 下午 cn.how2j.diytomcat.catalina.Context <init>
INFO : Deploying web application directory F:\project6\diytomcat\webapps\j2ee
12 20, 2020 16:34:23 下午 cn.how2j.diytomcat.catalina.Context <init>
INFO : Deployment of web application directory F:\project6\diytomcat\webapps\j2ee has finished in 5 ms
12 20, 2020 16:34:23 下午 cn.how2j.diytomcat.catalina.Context <init>
INFO : Deploying web application directory F:\project6\diytomcat\webapps\ROOT
12 20, 2020 16:34:23 下午 cn.how2j.diytomcat.catalina.Context <init>
INFO : Deployment of web application directory F:\project6\diytomcat\webapps\ROOT has finished in 1 ms
12 20, 2020 16:34:23 下午 cn.how2j.diytomcat.catalina.Context <init>
INFO : Deploying web application directory F:/project6/diytomcat/b
12 20, 2020 16:34:23 下午 cn.how2j.diytomcat.catalina.Context <init>
INFO : Deployment of web application directory F:/project6/diytomcat/b has finished in 2 ms
12 20, 2020 16:34:23 下午 cn.how2j.diytomcat.catalina.Context <init>
INFO : Deploying web application directory F:/project6/javaweb/web
12 20, 2020 16:34:23 下午 cn.how2j.diytomcat.catalina.Context <init>
INFO : Deployment of web application directory F:/project6/javaweb/web has finished in 27 ms
12 20, 2020 16:34:23 下午 cn.how2j.diytomcat.catalina.Server logJVM
INFO : Server version:		How2j DiyTomcat/1.0.1
12 20, 2020 16:34:23 下午 cn.how2j.diytomcat.catalina.Server logJVM
INFO : Server built:		2020-12-13 18:28:50
12 20, 2020 16:34:23 下午 cn.how2j.diytomcat.catalina.Server logJVM
INFO : Server number:		1.0.1
12 20, 2020 16:34:23 下午 cn.how2j.diytomcat.catalina.Server logJVM
INFO : OS Name	:		Windows 10
12 20, 2020 16:34:23 下午 cn.how2j.diytomcat.catalina.Server logJVM
INFO : OS Version:		10.0
12 20, 2020 16:34:23 下午 cn.how2j.diytomcat.catalina.Server logJVM
INFO : Architecture:		amd64
12 20, 2020 16:34:23 下午 cn.how2j.diytomcat.catalina.Server logJVM
INFO : Java Home:		C:\Program Files\Java\jdk1.8.0_144\jre
12 20, 2020 16:34:23 下午 cn.how2j.diytomcat.catalina.Server logJVM
INFO : JVM Version:		1.8.0_144-b01
12 20, 2020 16:34:23 下午 cn.how2j.diytomcat.catalina.Server logJVM
INFO : JVM Vendor:		Oracle Corporation
12 20, 2020 16:34:23 下午 cn.how2j.diytomcat.catalina.Connector init
INFO : Initializing ProtocolHandler [http-bio-18080]
12 20, 2020 16:34:23 下午 cn.how2j.diytomcat.catalina.Connector init
INFO : Initializing ProtocolHandler [http-bio-18081]
12 20, 2020 16:34:23 下午 cn.how2j.diytomcat.catalina.Connector init
INFO : Initializing ProtocolHandler [http-bio-18082]
12 20, 2020 16:34:23 下午 cn.how2j.diytomcat.catalina.Service init
INFO : Initialization processed in 1 ms
12 20, 2020 16:34:23 下午 cn.how2j.diytomcat.catalina.Connector start
INFO : Starting ProtocolHandler [http-bio-18080]
12 20, 2020 16:34:23 下午 cn.how2j.diytomcat.catalina.Connector start
INFO : Starting ProtocolHandler [http-bio-18081]
12 20, 2020 16:34:23 下午 cn.how2j.diytomcat.catalina.Connector start
INFO : Starting ProtocolHandler [http-bio-18082]
12 20, 2020 16:34:23 下午 cn.how2j.diytomcat.catalina.Server start
INFO : Server startup in 5 ms
12 20, 2020 16:34:29 下午 cn.how2j.diytomcat.catalina.HttpProcessor error
ERROR: this is a deliberately created exception
java.lang.RuntimeException: this is a deliberately created exception
	at cn.how2j.diytomcat.servlets.DefaultServlet.service(DefaultServlet.java:54)
	at cn.how2j.diytomcat.catalina.HttpProcessor.execute(HttpProcessor.java:61)
	at cn.how2j.diytomcat.catalina.Connector.lambda$run$0(Connector.java:114)
	at java.util.concurrent.ThreadPoolExecutor.runWorker(ThreadPoolExecutor.java:1149)
	at java.util.concurrent.ThreadPoolExecutor$Worker.run(ThreadPoolExecutor.java:624)
	at java.lang.Thread.run(Thread.java:748)
12 20, 2020 16:36:55 下午 cn.how2j.diytomcat.catalina.Context <init>
INFO : Deploying web application directory F:\project6\diytomcat\webapps\a
12 20, 2020 16:36:55 下午 cn.how2j.diytomcat.catalina.Context <init>
INFO : Deployment of web application directory F:\project6\diytomcat\webapps\a has finished in 288 ms
12 20, 2020 16:36:55 下午 cn.how2j.diytomcat.catalina.Context <init>
INFO : Deploying web application directory F:\project6\diytomcat\webapps\j2ee
12 20, 2020 16:36:55 下午 cn.how2j.diytomcat.catalina.Context <init>
INFO : Deployment of web application directory F:\project6\diytomcat\webapps\j2ee has finished in 5 ms
12 20, 2020 16:36:55 下午 cn.how2j.diytomcat.catalina.Context <init>
INFO : Deploying web application directory F:\project6\diytomcat\webapps\ROOT
12 20, 2020 16:36:55 下午 cn.how2j.diytomcat.catalina.Context <init>
INFO : Deployment of web application directory F:\project6\diytomcat\webapps\ROOT has finished in 2 ms
12 20, 2020 16:36:55 下午 cn.how2j.diytomcat.catalina.Context <init>
INFO : Deploying web application directory F:/project6/diytomcat/b
12 20, 2020 16:36:55 下午 cn.how2j.diytomcat.catalina.Context <init>
INFO : Deployment of web application directory F:/project6/diytomcat/b has finished in 2 ms
12 20, 2020 16:36:55 下午 cn.how2j.diytomcat.catalina.Context <init>
INFO : Deploying web application directory F:/project6/javaweb/web
12 20, 2020 16:36:55 下午 cn.how2j.diytomcat.catalina.Context <init>
INFO : Deployment of web application directory F:/project6/javaweb/web has finished in 30 ms
12 20, 2020 16:36:55 下午 cn.how2j.diytomcat.catalina.Server logJVM
INFO : Server version:		How2j DiyTomcat/1.0.1
12 20, 2020 16:36:55 下午 cn.how2j.diytomcat.catalina.Server logJVM
INFO : Server built:		2020-12-13 18:28:50
12 20, 2020 16:36:55 下午 cn.how2j.diytomcat.catalina.Server logJVM
INFO : Server number:		1.0.1
12 20, 2020 16:36:55 下午 cn.how2j.diytomcat.catalina.Server logJVM
INFO : OS Name	:		Windows 10
12 20, 2020 16:36:55 下午 cn.how2j.diytomcat.catalina.Server logJVM
INFO : OS Version:		10.0
12 20, 2020 16:36:55 下午 cn.how2j.diytomcat.catalina.Server logJVM
INFO : Architecture:		amd64
12 20, 2020 16:36:55 下午 cn.how2j.diytomcat.catalina.Server logJVM
INFO : Java Home:		C:\Program Files\Java\jdk1.8.0_144\jre
12 20, 2020 16:36:55 下午 cn.how2j.diytomcat.catalina.Server logJVM
INFO : JVM Version:		1.8.0_144-b01
12 20, 2020 16:36:55 下午 cn.how2j.diytomcat.catalina.Server logJVM
INFO : JVM Vendor:		Oracle Corporation
12 20, 2020 16:36:55 下午 cn.how2j.diytomcat.catalina.Connector init
INFO : Initializing ProtocolHandler [http-bio-18080]
12 20, 2020 16:36:55 下午 cn.how2j.diytomcat.catalina.Connector init
INFO : Initializing ProtocolHandler [http-bio-18081]
12 20, 2020 16:36:55 下午 cn.how2j.diytomcat.catalina.Connector init
INFO : Initializing ProtocolHandler [http-bio-18082]
12 20, 2020 16:36:55 下午 cn.how2j.diytomcat.catalina.Service init
INFO : Initialization processed in 1 ms
12 20, 2020 16:36:55 下午 cn.how2j.diytomcat.catalina.Connector start
INFO : Starting ProtocolHandler [http-bio-18080]
12 20, 2020 16:36:55 下午 cn.how2j.diytomcat.catalina.Connector start
INFO : Starting ProtocolHandler [http-bio-18081]
12 20, 2020 16:36:55 下午 cn.how2j.diytomcat.catalina.Connector start
INFO : Starting ProtocolHandler [http-bio-18082]
12 20, 2020 16:36:55 下午 cn.how2j.diytomcat.catalina.Server start
INFO : Server startup in 8 ms
12 20, 2020 16:37:25 下午 cn.how2j.diytomcat.catalina.HttpProcessor error
ERROR: this is a deliberately created exception
java.lang.RuntimeException: this is a deliberately created exception
	at cn.how2j.diytomcat.servlets.DefaultServlet.service(DefaultServlet.java:54)
	at cn.how2j.diytomcat.catalina.HttpProcessor.execute(HttpProcessor.java:61)
	at cn.how2j.diytomcat.catalina.Connector.lambda$run$0(Connector.java:114)
	at java.util.concurrent.ThreadPoolExecutor.runWorker(ThreadPoolExecutor.java:1149)
	at java.util.concurrent.ThreadPoolExecutor$Worker.run(ThreadPoolExecutor.java:624)
	at java.lang.Thread.run(Thread.java:748)
12 20, 2020 17:01:54 下午 cn.how2j.diytomcat.catalina.Context <init>
INFO : Deploying web application directory F:\project6\diytomcat\webapps\a
12 20, 2020 17:01:54 下午 cn.how2j.diytomcat.catalina.Context <init>
INFO : Deployment of web application directory F:\project6\diytomcat\webapps\a has finished in 155 ms
12 20, 2020 17:01:54 下午 cn.how2j.diytomcat.catalina.Context <init>
INFO : Deploying web application directory F:\project6\diytomcat\webapps\j2ee
12 20, 2020 17:01:54 下午 cn.how2j.diytomcat.catalina.Context <init>
INFO : Deployment of web application directory F:\project6\diytomcat\webapps\j2ee has finished in 5 ms
12 20, 2020 17:01:54 下午 cn.how2j.diytomcat.catalina.Context <init>
INFO : Deploying web application directory F:\project6\diytomcat\webapps\ROOT
12 20, 2020 17:01:54 下午 cn.how2j.diytomcat.catalina.Context <init>
INFO : Deployment of web application directory F:\project6\diytomcat\webapps\ROOT has finished in 2 ms
12 20, 2020 17:01:54 下午 cn.how2j.diytomcat.catalina.Context <init>
INFO : Deploying web application directory F:/project6/diytomcat/b
12 20, 2020 17:01:54 下午 cn.how2j.diytomcat.catalina.Context <init>
INFO : Deployment of web application directory F:/project6/diytomcat/b has finished in 2 ms
12 20, 2020 17:01:54 下午 cn.how2j.diytomcat.catalina.Context <init>
INFO : Deploying web application directory F:/project6/javaweb/web
12 20, 2020 17:01:54 下午 cn.how2j.diytomcat.catalina.Context <init>
INFO : Deployment of web application directory F:/project6/javaweb/web has finished in 27 ms
12 20, 2020 17:01:54 下午 cn.how2j.diytomcat.catalina.Server logJVM
INFO : Server version:		How2j DiyTomcat/1.0.1
12 20, 2020 17:01:54 下午 cn.how2j.diytomcat.catalina.Server logJVM
INFO : Server built:		2020-12-13 18:28:50
12 20, 2020 17:01:54 下午 cn.how2j.diytomcat.catalina.Server logJVM
INFO : Server number:		1.0.1
12 20, 2020 17:01:54 下午 cn.how2j.diytomcat.catalina.Server logJVM
INFO : OS Name	:		Windows 10
12 20, 2020 17:01:54 下午 cn.how2j.diytomcat.catalina.Server logJVM
INFO : OS Version:		10.0
12 20, 2020 17:01:54 下午 cn.how2j.diytomcat.catalina.Server logJVM
INFO : Architecture:		amd64
12 20, 2020 17:01:54 下午 cn.how2j.diytomcat.catalina.Server logJVM
INFO : Java Home:		C:\Program Files\Java\jdk1.8.0_144\jre
12 20, 2020 17:01:54 下午 cn.how2j.diytomcat.catalina.Server logJVM
INFO : JVM Version:		1.8.0_144-b01
12 20, 2020 17:01:54 下午 cn.how2j.diytomcat.catalina.Server logJVM
INFO : JVM Vendor:		Oracle Corporation
12 20, 2020 17:01:54 下午 cn.how2j.diytomcat.catalina.Connector init
INFO : Initializing ProtocolHandler [http-bio-18080]
12 20, 2020 17:01:54 下午 cn.how2j.diytomcat.catalina.Connector init
INFO : Initializing ProtocolHandler [http-bio-18081]
12 20, 2020 17:01:54 下午 cn.how2j.diytomcat.catalina.Connector init
INFO : Initializing ProtocolHandler [http-bio-18082]
12 20, 2020 17:01:54 下午 cn.how2j.diytomcat.catalina.Service init
INFO : Initialization processed in 1 ms
12 20, 2020 17:01:54 下午 cn.how2j.diytomcat.catalina.Connector start
INFO : Starting ProtocolHandler [http-bio-18080]
12 20, 2020 17:01:54 下午 cn.how2j.diytomcat.catalina.Connector start
INFO : Starting ProtocolHandler [http-bio-18081]
12 20, 2020 17:01:54 下午 cn.how2j.diytomcat.catalina.Connector start
INFO : Starting ProtocolHandler [http-bio-18082]
12 20, 2020 17:01:54 下午 cn.how2j.diytomcat.catalina.Server start
INFO : Server startup in 6 ms
12 20, 2020 17:02:09 下午 cn.how2j.diytomcat.catalina.HttpProcessor error
ERROR: 
java.lang.NullPointerException
	at cn.how2j.diytomcat.catalina.ApplicationFilterChain.doFilter(ApplicationFilterChain.java:42)
	at cn.how2j.diytomcat.catalina.HttpProcessor.execute(HttpProcessor.java:69)
	at cn.how2j.diytomcat.catalina.Connector.lambda$run$0(Connector.java:114)
	at java.util.concurrent.ThreadPoolExecutor.runWorker(ThreadPoolExecutor.java:1149)
	at java.util.concurrent.ThreadPoolExecutor$Worker.run(ThreadPoolExecutor.java:624)
	at java.lang.Thread.run(Thread.java:748)
12 20, 2020 17:02:09 下午 cn.how2j.diytomcat.catalina.HttpProcessor error
ERROR: 
java.lang.NullPointerException
	at cn.how2j.diytomcat.catalina.ApplicationFilterChain.doFilter(ApplicationFilterChain.java:42)
	at cn.how2j.diytomcat.catalina.HttpProcessor.execute(HttpProcessor.java:69)
	at cn.how2j.diytomcat.catalina.Connector.lambda$run$0(Connector.java:114)
	at java.util.concurrent.ThreadPoolExecutor.runWorker(ThreadPoolExecutor.java:1149)
	at java.util.concurrent.ThreadPoolExecutor$Worker.run(ThreadPoolExecutor.java:624)
	at java.lang.Thread.run(Thread.java:748)
12 20, 2020 17:02:09 下午 cn.how2j.diytomcat.catalina.HttpProcessor error
ERROR: 
java.lang.NullPointerException
	at cn.how2j.diytomcat.catalina.ApplicationFilterChain.doFilter(ApplicationFilterChain.java:42)
	at cn.how2j.diytomcat.catalina.HttpProcessor.execute(HttpProcessor.java:69)
	at cn.how2j.diytomcat.catalina.Connector.lambda$run$0(Connector.java:114)
	at java.util.concurrent.ThreadPoolExecutor.runWorker(ThreadPoolExecutor.java:1149)
	at java.util.concurrent.ThreadPoolExecutor$Worker.run(ThreadPoolExecutor.java:624)
	at java.lang.Thread.run(Thread.java:748)
12 20, 2020 17:02:09 下午 cn.how2j.diytomcat.catalina.HttpProcessor error
ERROR: this is a deliberately created exception
java.lang.RuntimeException: this is a deliberately created exception
	at cn.how2j.diytomcat.servlets.DefaultServlet.service(DefaultServlet.java:54)
	at javax.servlet.http.HttpServlet.service(HttpServlet.java:731)
	at cn.how2j.diytomcat.catalina.ApplicationFilterChain.doFilter(ApplicationFilterChain.java:44)
	at cn.how2j.diytomcat.catalina.HttpProcessor.execute(HttpProcessor.java:69)
	at cn.how2j.diytomcat.catalina.Connector.lambda$run$0(Connector.java:114)
	at java.util.concurrent.ThreadPoolExecutor.runWorker(ThreadPoolExecutor.java:1149)
	at java.util.concurrent.ThreadPoolExecutor$Worker.run(ThreadPoolExecutor.java:624)
	at java.lang.Thread.run(Thread.java:748)
12 20, 2020 17:02:09 下午 cn.how2j.diytomcat.catalina.HttpProcessor error
ERROR: 
java.lang.NullPointerException
	at cn.how2j.diytomcat.catalina.ApplicationFilterChain.doFilter(ApplicationFilterChain.java:42)
	at cn.how2j.diytomcat.catalina.HttpProcessor.execute(HttpProcessor.java:69)
	at cn.how2j.diytomcat.catalina.Connector.lambda$run$0(Connector.java:114)
	at java.util.concurrent.ThreadPoolExecutor.runWorker(ThreadPoolExecutor.java:1149)
	at java.util.concurrent.ThreadPoolExecutor$Worker.run(ThreadPoolExecutor.java:624)
	at java.lang.Thread.run(Thread.java:748)
12 20, 2020 17:02:09 下午 cn.how2j.diytomcat.catalina.HttpProcessor error
ERROR: 
java.lang.NullPointerException
	at cn.how2j.diytomcat.catalina.ApplicationFilterChain.doFilter(ApplicationFilterChain.java:42)
	at cn.how2j.diytomcat.catalina.HttpProcessor.execute(HttpProcessor.java:69)
	at cn.how2j.diytomcat.catalina.Connector.lambda$run$0(Connector.java:114)
	at java.util.concurrent.ThreadPoolExecutor.runWorker(ThreadPoolExecutor.java:1149)
	at java.util.concurrent.ThreadPoolExecutor$Worker.run(ThreadPoolExecutor.java:624)
	at java.lang.Thread.run(Thread.java:748)
12 20, 2020 17:02:09 下午 cn.how2j.diytomcat.catalina.HttpProcessor error
ERROR: 
java.lang.NullPointerException
	at cn.how2j.diytomcat.catalina.ApplicationFilterChain.doFilter(ApplicationFilterChain.java:42)
	at cn.how2j.diytomcat.catalina.HttpProcessor.execute(HttpProcessor.java:69)
	at cn.how2j.diytomcat.catalina.Connector.lambda$run$0(Connector.java:114)
	at java.util.concurrent.ThreadPoolExecutor.runWorker(ThreadPoolExecutor.java:1149)
	at java.util.concurrent.ThreadPoolExecutor$Worker.run(ThreadPoolExecutor.java:624)
	at java.lang.Thread.run(Thread.java:748)
12 20, 2020 17:02:09 下午 cn.how2j.diytomcat.catalina.HttpProcessor error
ERROR: 
java.lang.NullPointerException
	at cn.how2j.diytomcat.catalina.ApplicationFilterChain.doFilter(ApplicationFilterChain.java:42)
	at cn.how2j.diytomcat.catalina.HttpProcessor.execute(HttpProcessor.java:69)
	at cn.how2j.diytomcat.catalina.Connector.lambda$run$0(Connector.java:114)
	at java.util.concurrent.ThreadPoolExecutor.runWorker(ThreadPoolExecutor.java:1149)
	at java.util.concurrent.ThreadPoolExecutor$Worker.run(ThreadPoolExecutor.java:624)
	at java.lang.Thread.run(Thread.java:748)
12 20, 2020 17:02:09 下午 cn.how2j.diytomcat.catalina.HttpProcessor error
ERROR: 
java.lang.NullPointerException
	at cn.how2j.diytomcat.catalina.ApplicationFilterChain.doFilter(ApplicationFilterChain.java:42)
	at cn.how2j.diytomcat.catalina.HttpProcessor.execute(HttpProcessor.java:69)
	at cn.how2j.diytomcat.catalina.Connector.lambda$run$0(Connector.java:114)
	at java.util.concurrent.ThreadPoolExecutor.runWorker(ThreadPoolExecutor.java:1149)
	at java.util.concurrent.ThreadPoolExecutor$Worker.run(ThreadPoolExecutor.java:624)
	at java.lang.Thread.run(Thread.java:748)
12 20, 2020 17:02:09 下午 cn.how2j.diytomcat.catalina.HttpProcessor error
ERROR: 
java.lang.NullPointerException
	at cn.how2j.diytomcat.catalina.ApplicationFilterChain.doFilter(ApplicationFilterChain.java:42)
	at cn.how2j.diytomcat.catalina.HttpProcessor.execute(HttpProcessor.java:69)
	at cn.how2j.diytomcat.catalina.Connector.lambda$run$0(Connector.java:114)
	at java.util.concurrent.ThreadPoolExecutor.runWorker(ThreadPoolExecutor.java:1149)
	at java.util.concurrent.ThreadPoolExecutor$Worker.run(ThreadPoolExecutor.java:624)
	at java.lang.Thread.run(Thread.java:748)
12 20, 2020 17:02:09 下午 cn.how2j.diytomcat.catalina.HttpProcessor error
ERROR: 
java.lang.NullPointerException
	at cn.how2j.diytomcat.catalina.ApplicationFilterChain.doFilter(ApplicationFilterChain.java:42)
	at cn.how2j.diytomcat.catalina.HttpProcessor.execute(HttpProcessor.java:69)
	at cn.how2j.diytomcat.catalina.Connector.lambda$run$0(Connector.java:114)
	at java.util.concurrent.ThreadPoolExecutor.runWorker(ThreadPoolExecutor.java:1149)
	at java.util.concurrent.ThreadPoolExecutor$Worker.run(ThreadPoolExecutor.java:624)
	at java.lang.Thread.run(Thread.java:748)
12 20, 2020 17:02:09 下午 cn.how2j.diytomcat.catalina.HttpProcessor error
ERROR: 
java.lang.NullPointerException
	at cn.how2j.diytomcat.catalina.ApplicationFilterChain.doFilter(ApplicationFilterChain.java:42)
	at cn.how2j.diytomcat.catalina.HttpProcessor.execute(HttpProcessor.java:69)
	at cn.how2j.diytomcat.catalina.Connector.lambda$run$0(Connector.java:114)
	at java.util.concurrent.ThreadPoolExecutor.runWorker(ThreadPoolExecutor.java:1149)
	at java.util.concurrent.ThreadPoolExecutor$Worker.run(ThreadPoolExecutor.java:624)
	at java.lang.Thread.run(Thread.java:748)
12 20, 2020 17:02:09 下午 cn.how2j.diytomcat.catalina.HttpProcessor error
ERROR: 
java.lang.NullPointerException
	at cn.how2j.diytomcat.catalina.ApplicationFilterChain.doFilter(ApplicationFilterChain.java:42)
	at cn.how2j.diytomcat.catalina.HttpProcessor.execute(HttpProcessor.java:69)
	at cn.how2j.diytomcat.catalina.Connector.lambda$run$0(Connector.java:114)
	at java.util.concurrent.ThreadPoolExecutor.runWorker(ThreadPoolExecutor.java:1149)
	at java.util.concurrent.ThreadPoolExecutor$Worker.run(ThreadPoolExecutor.java:624)
	at java.lang.Thread.run(Thread.java:748)
12 20, 2020 17:02:09 下午 cn.how2j.diytomcat.catalina.HttpProcessor error
ERROR: 
java.lang.NullPointerException
	at cn.how2j.diytomcat.catalina.ApplicationFilterChain.doFilter(ApplicationFilterChain.java:42)
	at cn.how2j.diytomcat.catalina.HttpProcessor.execute(HttpProcessor.java:69)
	at cn.how2j.diytomcat.catalina.Connector.lambda$run$0(Connector.java:114)
	at java.util.concurrent.ThreadPoolExecutor.runWorker(ThreadPoolExecutor.java:1149)
	at java.util.concurrent.ThreadPoolExecutor$Worker.run(ThreadPoolExecutor.java:624)
	at java.lang.Thread.run(Thread.java:748)
12 20, 2020 17:05:12 下午 cn.how2j.diytomcat.catalina.Context <init>
INFO : Deploying web application directory F:\project6\diytomcat\webapps\a
12 20, 2020 17:05:12 下午 cn.how2j.diytomcat.catalina.Context <init>
INFO : Deployment of web application directory F:\project6\diytomcat\webapps\a has finished in 158 ms
12 20, 2020 17:05:12 下午 cn.how2j.diytomcat.catalina.Context <init>
INFO : Deploying web application directory F:\project6\diytomcat\webapps\j2ee
12 20, 2020 17:05:12 下午 cn.how2j.diytomcat.catalina.Context <init>
INFO : Deployment of web application directory F:\project6\diytomcat\webapps\j2ee has finished in 6 ms
12 20, 2020 17:05:12 下午 cn.how2j.diytomcat.catalina.Context <init>
INFO : Deploying web application directory F:\project6\diytomcat\webapps\ROOT
12 20, 2020 17:05:12 下午 cn.how2j.diytomcat.catalina.Context <init>
INFO : Deployment of web application directory F:\project6\diytomcat\webapps\ROOT has finished in 1 ms
12 20, 2020 17:05:12 下午 cn.how2j.diytomcat.catalina.Context <init>
INFO : Deploying web application directory F:/project6/diytomcat/b
12 20, 2020 17:05:12 下午 cn.how2j.diytomcat.catalina.Context <init>
INFO : Deployment of web application directory F:/project6/diytomcat/b has finished in 1 ms
12 20, 2020 17:05:12 下午 cn.how2j.diytomcat.catalina.Context <init>
INFO : Deploying web application directory F:/project6/javaweb/web
12 20, 2020 17:05:12 下午 cn.how2j.diytomcat.catalina.Context <init>
INFO : Deployment of web application directory F:/project6/javaweb/web has finished in 24 ms
12 20, 2020 17:05:12 下午 cn.how2j.diytomcat.catalina.Server logJVM
INFO : Server version:		How2j DiyTomcat/1.0.1
12 20, 2020 17:05:12 下午 cn.how2j.diytomcat.catalina.Server logJVM
INFO : Server built:		2020-12-13 18:28:50
12 20, 2020 17:05:12 下午 cn.how2j.diytomcat.catalina.Server logJVM
INFO : Server number:		1.0.1
12 20, 2020 17:05:12 下午 cn.how2j.diytomcat.catalina.Server logJVM
INFO : OS Name	:		Windows 10
12 20, 2020 17:05:12 下午 cn.how2j.diytomcat.catalina.Server logJVM
INFO : OS Version:		10.0
12 20, 2020 17:05:12 下午 cn.how2j.diytomcat.catalina.Server logJVM
INFO : Architecture:		amd64
12 20, 2020 17:05:12 下午 cn.how2j.diytomcat.catalina.Server logJVM
INFO : Java Home:		C:\Program Files\Java\jdk1.8.0_144\jre
12 20, 2020 17:05:12 下午 cn.how2j.diytomcat.catalina.Server logJVM
INFO : JVM Version:		1.8.0_144-b01
12 20, 2020 17:05:12 下午 cn.how2j.diytomcat.catalina.Server logJVM
INFO : JVM Vendor:		Oracle Corporation
12 20, 2020 17:05:12 下午 cn.how2j.diytomcat.catalina.Connector init
INFO : Initializing ProtocolHandler [http-bio-18080]
12 20, 2020 17:05:12 下午 cn.how2j.diytomcat.catalina.Connector init
INFO : Initializing ProtocolHandler [http-bio-18081]
12 20, 2020 17:05:12 下午 cn.how2j.diytomcat.catalina.Connector init
INFO : Initializing ProtocolHandler [http-bio-18082]
12 20, 2020 17:05:12 下午 cn.how2j.diytomcat.catalina.Service init
INFO : Initialization processed in 0 ms
12 20, 2020 17:05:12 下午 cn.how2j.diytomcat.catalina.Connector start
INFO : Starting ProtocolHandler [http-bio-18080]
12 20, 2020 17:05:12 下午 cn.how2j.diytomcat.catalina.Connector start
INFO : Starting ProtocolHandler [http-bio-18081]
12 20, 2020 17:05:12 下午 cn.how2j.diytomcat.catalina.Connector start
INFO : Starting ProtocolHandler [http-bio-18082]
12 20, 2020 17:05:12 下午 cn.how2j.diytomcat.catalina.Server start
INFO : Server startup in 6 ms
12 20, 2020 17:05:17 下午 cn.how2j.diytomcat.catalina.HttpProcessor error
ERROR: 
java.lang.NullPointerException
	at cn.how2j.diytomcat.catalina.ApplicationFilterChain.doFilter(ApplicationFilterChain.java:42)
	at cn.how2j.diytomcat.catalina.HttpProcessor.execute(HttpProcessor.java:68)
	at cn.how2j.diytomcat.catalina.Connector.lambda$run$0(Connector.java:114)
	at java.util.concurrent.ThreadPoolExecutor.runWorker(ThreadPoolExecutor.java:1149)
	at java.util.concurrent.ThreadPoolExecutor$Worker.run(ThreadPoolExecutor.java:624)
	at java.lang.Thread.run(Thread.java:748)
12 20, 2020 17:05:17 下午 cn.how2j.diytomcat.catalina.HttpProcessor error
ERROR: 
java.lang.NullPointerException
	at cn.how2j.diytomcat.catalina.ApplicationFilterChain.doFilter(ApplicationFilterChain.java:42)
	at cn.how2j.diytomcat.catalina.HttpProcessor.execute(HttpProcessor.java:68)
	at cn.how2j.diytomcat.catalina.Connector.lambda$run$0(Connector.java:114)
	at java.util.concurrent.ThreadPoolExecutor.runWorker(ThreadPoolExecutor.java:1149)
	at java.util.concurrent.ThreadPoolExecutor$Worker.run(ThreadPoolExecutor.java:624)
	at java.lang.Thread.run(Thread.java:748)
12 20, 2020 17:05:17 下午 cn.how2j.diytomcat.catalina.HttpProcessor error
ERROR: 
java.lang.NullPointerException
	at cn.how2j.diytomcat.catalina.ApplicationFilterChain.doFilter(ApplicationFilterChain.java:42)
	at cn.how2j.diytomcat.catalina.HttpProcessor.execute(HttpProcessor.java:68)
	at cn.how2j.diytomcat.catalina.Connector.lambda$run$0(Connector.java:114)
	at java.util.concurrent.ThreadPoolExecutor.runWorker(ThreadPoolExecutor.java:1149)
	at java.util.concurrent.ThreadPoolExecutor$Worker.run(ThreadPoolExecutor.java:624)
	at java.lang.Thread.run(Thread.java:748)
12 20, 2020 17:05:17 下午 cn.how2j.diytomcat.catalina.HttpProcessor error
ERROR: 
java.lang.NullPointerException
	at cn.how2j.diytomcat.catalina.ApplicationFilterChain.doFilter(ApplicationFilterChain.java:42)
	at cn.how2j.diytomcat.catalina.HttpProcessor.execute(HttpProcessor.java:68)
	at cn.how2j.diytomcat.catalina.Connector.lambda$run$0(Connector.java:114)
	at java.util.concurrent.ThreadPoolExecutor.runWorker(ThreadPoolExecutor.java:1149)
	at java.util.concurrent.ThreadPoolExecutor$Worker.run(ThreadPoolExecutor.java:624)
	at java.lang.Thread.run(Thread.java:748)
12 20, 2020 17:05:17 下午 cn.how2j.diytomcat.catalina.HttpProcessor error
ERROR: 
java.lang.NullPointerException
	at cn.how2j.diytomcat.catalina.ApplicationFilterChain.doFilter(ApplicationFilterChain.java:42)
	at cn.how2j.diytomcat.catalina.HttpProcessor.execute(HttpProcessor.java:68)
	at cn.how2j.diytomcat.catalina.Connector.lambda$run$0(Connector.java:114)
	at java.util.concurrent.ThreadPoolExecutor.runWorker(ThreadPoolExecutor.java:1149)
	at java.util.concurrent.ThreadPoolExecutor$Worker.run(ThreadPoolExecutor.java:624)
	at java.lang.Thread.run(Thread.java:748)
12 20, 2020 17:05:17 下午 cn.how2j.diytomcat.catalina.HttpProcessor error
ERROR: 
java.lang.NullPointerException
	at cn.how2j.diytomcat.catalina.ApplicationFilterChain.doFilter(ApplicationFilterChain.java:42)
	at cn.how2j.diytomcat.catalina.HttpProcessor.execute(HttpProcessor.java:68)
	at cn.how2j.diytomcat.catalina.Connector.lambda$run$0(Connector.java:114)
	at java.util.concurrent.ThreadPoolExecutor.runWorker(ThreadPoolExecutor.java:1149)
	at java.util.concurrent.ThreadPoolExecutor$Worker.run(ThreadPoolExecutor.java:624)
	at java.lang.Thread.run(Thread.java:748)
12 20, 2020 17:05:17 下午 cn.how2j.diytomcat.catalina.HttpProcessor error
ERROR: 
java.lang.NullPointerException
	at cn.how2j.diytomcat.catalina.ApplicationFilterChain.doFilter(ApplicationFilterChain.java:42)
	at cn.how2j.diytomcat.catalina.HttpProcessor.execute(HttpProcessor.java:68)
	at cn.how2j.diytomcat.catalina.Connector.lambda$run$0(Connector.java:114)
	at java.util.concurrent.ThreadPoolExecutor.runWorker(ThreadPoolExecutor.java:1149)
	at java.util.concurrent.ThreadPoolExecutor$Worker.run(ThreadPoolExecutor.java:624)
	at java.lang.Thread.run(Thread.java:748)
12 20, 2020 17:05:17 下午 cn.how2j.diytomcat.catalina.HttpProcessor error
ERROR: 
java.lang.NullPointerException
	at cn.how2j.diytomcat.catalina.ApplicationFilterChain.doFilter(ApplicationFilterChain.java:42)
	at cn.how2j.diytomcat.catalina.HttpProcessor.execute(HttpProcessor.java:68)
	at cn.how2j.diytomcat.catalina.Connector.lambda$run$0(Connector.java:114)
	at java.util.concurrent.ThreadPoolExecutor.runWorker(ThreadPoolExecutor.java:1149)
	at java.util.concurrent.ThreadPoolExecutor$Worker.run(ThreadPoolExecutor.java:624)
	at java.lang.Thread.run(Thread.java:748)
12 20, 2020 17:05:17 下午 cn.how2j.diytomcat.catalina.HttpProcessor error
ERROR: 
java.lang.NullPointerException
	at cn.how2j.diytomcat.catalina.ApplicationFilterChain.doFilter(ApplicationFilterChain.java:42)
	at cn.how2j.diytomcat.catalina.HttpProcessor.execute(HttpProcessor.java:68)
	at cn.how2j.diytomcat.catalina.Connector.lambda$run$0(Connector.java:114)
	at java.util.concurrent.ThreadPoolExecutor.runWorker(ThreadPoolExecutor.java:1149)
	at java.util.concurrent.ThreadPoolExecutor$Worker.run(ThreadPoolExecutor.java:624)
	at java.lang.Thread.run(Thread.java:748)
12 20, 2020 17:05:17 下午 cn.how2j.diytomcat.catalina.HttpProcessor error
ERROR: 
java.lang.NullPointerException
	at cn.how2j.diytomcat.catalina.ApplicationFilterChain.doFilter(ApplicationFilterChain.java:42)
	at cn.how2j.diytomcat.catalina.HttpProcessor.execute(HttpProcessor.java:68)
	at cn.how2j.diytomcat.catalina.Connector.lambda$run$0(Connector.java:114)
	at java.util.concurrent.ThreadPoolExecutor.runWorker(ThreadPoolExecutor.java:1149)
	at java.util.concurrent.ThreadPoolExecutor$Worker.run(ThreadPoolExecutor.java:624)
	at java.lang.Thread.run(Thread.java:748)
12 20, 2020 17:05:17 下午 cn.how2j.diytomcat.catalina.HttpProcessor error
ERROR: 
java.lang.NullPointerException
	at cn.how2j.diytomcat.catalina.ApplicationFilterChain.doFilter(ApplicationFilterChain.java:42)
	at cn.how2j.diytomcat.catalina.HttpProcessor.execute(HttpProcessor.java:68)
	at cn.how2j.diytomcat.catalina.Connector.lambda$run$0(Connector.java:114)
	at java.util.concurrent.ThreadPoolExecutor.runWorker(ThreadPoolExecutor.java:1149)
	at java.util.concurrent.ThreadPoolExecutor$Worker.run(ThreadPoolExecutor.java:624)
	at java.lang.Thread.run(Thread.java:748)
12 20, 2020 17:05:17 下午 cn.how2j.diytomcat.catalina.HttpProcessor error
ERROR: this is a deliberately created exception
java.lang.RuntimeException: this is a deliberately created exception
	at cn.how2j.diytomcat.servlets.DefaultServlet.service(DefaultServlet.java:54)
	at javax.servlet.http.HttpServlet.service(HttpServlet.java:731)
	at cn.how2j.diytomcat.catalina.ApplicationFilterChain.doFilter(ApplicationFilterChain.java:44)
	at cn.how2j.diytomcat.catalina.HttpProcessor.execute(HttpProcessor.java:68)
	at cn.how2j.diytomcat.catalina.Connector.lambda$run$0(Connector.java:114)
	at java.util.concurrent.ThreadPoolExecutor.runWorker(ThreadPoolExecutor.java:1149)
	at java.util.concurrent.ThreadPoolExecutor$Worker.run(ThreadPoolExecutor.java:624)
	at java.lang.Thread.run(Thread.java:748)
12 20, 2020 17:05:17 下午 cn.how2j.diytomcat.catalina.HttpProcessor error
ERROR: 
java.lang.NullPointerException
	at cn.how2j.diytomcat.catalina.ApplicationFilterChain.doFilter(ApplicationFilterChain.java:42)
	at cn.how2j.diytomcat.catalina.HttpProcessor.execute(HttpProcessor.java:68)
	at cn.how2j.diytomcat.catalina.Connector.lambda$run$0(Connector.java:114)
	at java.util.concurrent.ThreadPoolExecutor.runWorker(ThreadPoolExecutor.java:1149)
	at java.util.concurrent.ThreadPoolExecutor$Worker.run(ThreadPoolExecutor.java:624)
	at java.lang.Thread.run(Thread.java:748)
12 20, 2020 17:05:17 下午 cn.how2j.diytomcat.catalina.HttpProcessor error
ERROR: 
java.lang.NullPointerException
	at cn.how2j.diytomcat.catalina.ApplicationFilterChain.doFilter(ApplicationFilterChain.java:42)
	at cn.how2j.diytomcat.catalina.HttpProcessor.execute(HttpProcessor.java:68)
	at cn.how2j.diytomcat.catalina.Connector.lambda$run$0(Connector.java:114)
	at java.util.concurrent.ThreadPoolExecutor.runWorker(ThreadPoolExecutor.java:1149)
	at java.util.concurrent.ThreadPoolExecutor$Worker.run(ThreadPoolExecutor.java:624)
	at java.lang.Thread.run(Thread.java:748)
12 20, 2020 17:09:06 下午 cn.how2j.diytomcat.catalina.Context <init>
INFO : Deploying web application directory F:\project6\diytomcat\webapps\a
12 20, 2020 17:09:06 下午 cn.how2j.diytomcat.catalina.Context <init>
INFO : Deployment of web application directory F:\project6\diytomcat\webapps\a has finished in 160 ms
12 20, 2020 17:09:06 下午 cn.how2j.diytomcat.catalina.Context <init>
INFO : Deploying web application directory F:\project6\diytomcat\webapps\j2ee
12 20, 2020 17:09:06 下午 cn.how2j.diytomcat.catalina.Context <init>
INFO : Deployment of web application directory F:\project6\diytomcat\webapps\j2ee has finished in 4 ms
12 20, 2020 17:09:06 下午 cn.how2j.diytomcat.catalina.Context <init>
INFO : Deploying web application directory F:\project6\diytomcat\webapps\ROOT
12 20, 2020 17:09:06 下午 cn.how2j.diytomcat.catalina.Context <init>
INFO : Deployment of web application directory F:\project6\diytomcat\webapps\ROOT has finished in 1 ms
12 20, 2020 17:09:06 下午 cn.how2j.diytomcat.catalina.Context <init>
INFO : Deploying web application directory F:/project6/diytomcat/b
12 20, 2020 17:09:06 下午 cn.how2j.diytomcat.catalina.Context <init>
INFO : Deployment of web application directory F:/project6/diytomcat/b has finished in 1 ms
12 20, 2020 17:09:06 下午 cn.how2j.diytomcat.catalina.Context <init>
INFO : Deploying web application directory F:/project6/javaweb/web
12 20, 2020 17:09:06 下午 cn.how2j.diytomcat.catalina.Context <init>
INFO : Deployment of web application directory F:/project6/javaweb/web has finished in 29 ms
12 20, 2020 17:09:06 下午 cn.how2j.diytomcat.catalina.Server logJVM
INFO : Server version:		How2j DiyTomcat/1.0.1
12 20, 2020 17:09:06 下午 cn.how2j.diytomcat.catalina.Server logJVM
INFO : Server built:		2020-12-13 18:28:50
12 20, 2020 17:09:06 下午 cn.how2j.diytomcat.catalina.Server logJVM
INFO : Server number:		1.0.1
12 20, 2020 17:09:06 下午 cn.how2j.diytomcat.catalina.Server logJVM
INFO : OS Name	:		Windows 10
12 20, 2020 17:09:06 下午 cn.how2j.diytomcat.catalina.Server logJVM
INFO : OS Version:		10.0
12 20, 2020 17:09:06 下午 cn.how2j.diytomcat.catalina.Server logJVM
INFO : Architecture:		amd64
12 20, 2020 17:09:06 下午 cn.how2j.diytomcat.catalina.Server logJVM
INFO : Java Home:		C:\Program Files\Java\jdk1.8.0_144\jre
12 20, 2020 17:09:06 下午 cn.how2j.diytomcat.catalina.Server logJVM
INFO : JVM Version:		1.8.0_144-b01
12 20, 2020 17:09:06 下午 cn.how2j.diytomcat.catalina.Server logJVM
INFO : JVM Vendor:		Oracle Corporation
12 20, 2020 17:09:06 下午 cn.how2j.diytomcat.catalina.Connector init
INFO : Initializing ProtocolHandler [http-bio-18080]
12 20, 2020 17:09:06 下午 cn.how2j.diytomcat.catalina.Connector init
INFO : Initializing ProtocolHandler [http-bio-18081]
12 20, 2020 17:09:06 下午 cn.how2j.diytomcat.catalina.Connector init
INFO : Initializing ProtocolHandler [http-bio-18082]
12 20, 2020 17:09:06 下午 cn.how2j.diytomcat.catalina.Service init
INFO : Initialization processed in 1 ms
12 20, 2020 17:09:06 下午 cn.how2j.diytomcat.catalina.Connector start
INFO : Starting ProtocolHandler [http-bio-18080]
12 20, 2020 17:09:06 下午 cn.how2j.diytomcat.catalina.Connector start
INFO : Starting ProtocolHandler [http-bio-18081]
12 20, 2020 17:09:06 下午 cn.how2j.diytomcat.catalina.Connector start
INFO : Starting ProtocolHandler [http-bio-18082]
12 20, 2020 17:09:06 下午 cn.how2j.diytomcat.catalina.Server start
INFO : Server startup in 7 ms
12 20, 2020 17:09:12 下午 cn.how2j.diytomcat.catalina.HttpProcessor error
ERROR: 
java.lang.NullPointerException
	at cn.how2j.diytomcat.catalina.ApplicationFilterChain.doFilter(ApplicationFilterChain.java:42)
	at cn.how2j.diytomcat.catalina.HttpProcessor.execute(HttpProcessor.java:68)
	at cn.how2j.diytomcat.catalina.Connector.lambda$run$0(Connector.java:114)
	at java.util.concurrent.ThreadPoolExecutor.runWorker(ThreadPoolExecutor.java:1149)
	at java.util.concurrent.ThreadPoolExecutor$Worker.run(ThreadPoolExecutor.java:624)
	at java.lang.Thread.run(Thread.java:748)
12 20, 2020 17:09:12 下午 cn.how2j.diytomcat.catalina.HttpProcessor error
ERROR: 
java.lang.NullPointerException
	at cn.how2j.diytomcat.catalina.ApplicationFilterChain.doFilter(ApplicationFilterChain.java:42)
	at cn.how2j.diytomcat.catalina.HttpProcessor.execute(HttpProcessor.java:68)
	at cn.how2j.diytomcat.catalina.Connector.lambda$run$0(Connector.java:114)
	at java.util.concurrent.ThreadPoolExecutor.runWorker(ThreadPoolExecutor.java:1149)
	at java.util.concurrent.ThreadPoolExecutor$Worker.run(ThreadPoolExecutor.java:624)
	at java.lang.Thread.run(Thread.java:748)
12 20, 2020 17:09:12 下午 cn.how2j.diytomcat.catalina.HttpProcessor error
ERROR: this is a deliberately created exception
java.lang.RuntimeException: this is a deliberately created exception
	at cn.how2j.diytomcat.servlets.DefaultServlet.service(DefaultServlet.java:54)
	at javax.servlet.http.HttpServlet.service(HttpServlet.java:731)
	at cn.how2j.diytomcat.catalina.ApplicationFilterChain.doFilter(ApplicationFilterChain.java:44)
	at cn.how2j.diytomcat.catalina.HttpProcessor.execute(HttpProcessor.java:68)
	at cn.how2j.diytomcat.catalina.Connector.lambda$run$0(Connector.java:114)
	at java.util.concurrent.ThreadPoolExecutor.runWorker(ThreadPoolExecutor.java:1149)
	at java.util.concurrent.ThreadPoolExecutor$Worker.run(ThreadPoolExecutor.java:624)
	at java.lang.Thread.run(Thread.java:748)
12 20, 2020 17:09:13 下午 cn.how2j.diytomcat.catalina.HttpProcessor error
ERROR: 
java.lang.NullPointerException
	at cn.how2j.diytomcat.catalina.ApplicationFilterChain.doFilter(ApplicationFilterChain.java:42)
	at cn.how2j.diytomcat.catalina.HttpProcessor.execute(HttpProcessor.java:68)
	at cn.how2j.diytomcat.catalina.Connector.lambda$run$0(Connector.java:114)
	at java.util.concurrent.ThreadPoolExecutor.runWorker(ThreadPoolExecutor.java:1149)
	at java.util.concurrent.ThreadPoolExecutor$Worker.run(ThreadPoolExecutor.java:624)
	at java.lang.Thread.run(Thread.java:748)
12 20, 2020 17:09:13 下午 cn.how2j.diytomcat.catalina.HttpProcessor error
ERROR: 
java.lang.NullPointerException
	at cn.how2j.diytomcat.catalina.ApplicationFilterChain.doFilter(ApplicationFilterChain.java:42)
	at cn.how2j.diytomcat.catalina.HttpProcessor.execute(HttpProcessor.java:68)
	at cn.how2j.diytomcat.catalina.Connector.lambda$run$0(Connector.java:114)
	at java.util.concurrent.ThreadPoolExecutor.runWorker(ThreadPoolExecutor.java:1149)
	at java.util.concurrent.ThreadPoolExecutor$Worker.run(ThreadPoolExecutor.java:624)
	at java.lang.Thread.run(Thread.java:748)
12 20, 2020 17:09:13 下午 cn.how2j.diytomcat.catalina.HttpProcessor error
ERROR: 
java.lang.NullPointerException
	at cn.how2j.diytomcat.catalina.ApplicationFilterChain.doFilter(ApplicationFilterChain.java:42)
	at cn.how2j.diytomcat.catalina.HttpProcessor.execute(HttpProcessor.java:68)
	at cn.how2j.diytomcat.catalina.Connector.lambda$run$0(Connector.java:114)
	at java.util.concurrent.ThreadPoolExecutor.runWorker(ThreadPoolExecutor.java:1149)
	at java.util.concurrent.ThreadPoolExecutor$Worker.run(ThreadPoolExecutor.java:624)
	at java.lang.Thread.run(Thread.java:748)
12 20, 2020 17:09:13 下午 cn.how2j.diytomcat.catalina.HttpProcessor error
ERROR: 
java.lang.NullPointerException
	at cn.how2j.diytomcat.catalina.ApplicationFilterChain.doFilter(ApplicationFilterChain.java:42)
	at cn.how2j.diytomcat.catalina.HttpProcessor.execute(HttpProcessor.java:68)
	at cn.how2j.diytomcat.catalina.Connector.lambda$run$0(Connector.java:114)
	at java.util.concurrent.ThreadPoolExecutor.runWorker(ThreadPoolExecutor.java:1149)
	at java.util.concurrent.ThreadPoolExecutor$Worker.run(ThreadPoolExecutor.java:624)
	at java.lang.Thread.run(Thread.java:748)
12 20, 2020 17:09:13 下午 cn.how2j.diytomcat.catalina.HttpProcessor error
ERROR: 
java.lang.NullPointerException
	at cn.how2j.diytomcat.catalina.ApplicationFilterChain.doFilter(ApplicationFilterChain.java:42)
	at cn.how2j.diytomcat.catalina.HttpProcessor.execute(HttpProcessor.java:68)
	at cn.how2j.diytomcat.catalina.Connector.lambda$run$0(Connector.java:114)
	at java.util.concurrent.ThreadPoolExecutor.runWorker(ThreadPoolExecutor.java:1149)
	at java.util.concurrent.ThreadPoolExecutor$Worker.run(ThreadPoolExecutor.java:624)
	at java.lang.Thread.run(Thread.java:748)
12 20, 2020 17:09:13 下午 cn.how2j.diytomcat.catalina.HttpProcessor error
ERROR: 
java.lang.NullPointerException
	at cn.how2j.diytomcat.catalina.ApplicationFilterChain.doFilter(ApplicationFilterChain.java:42)
	at cn.how2j.diytomcat.catalina.HttpProcessor.execute(HttpProcessor.java:68)
	at cn.how2j.diytomcat.catalina.Connector.lambda$run$0(Connector.java:114)
	at java.util.concurrent.ThreadPoolExecutor.runWorker(ThreadPoolExecutor.java:1149)
	at java.util.concurrent.ThreadPoolExecutor$Worker.run(ThreadPoolExecutor.java:624)
	at java.lang.Thread.run(Thread.java:748)
12 20, 2020 17:09:13 下午 cn.how2j.diytomcat.catalina.HttpProcessor error
ERROR: 
java.lang.NullPointerException
	at cn.how2j.diytomcat.catalina.ApplicationFilterChain.doFilter(ApplicationFilterChain.java:42)
	at cn.how2j.diytomcat.catalina.HttpProcessor.execute(HttpProcessor.java:68)
	at cn.how2j.diytomcat.catalina.Connector.lambda$run$0(Connector.java:114)
	at java.util.concurrent.ThreadPoolExecutor.runWorker(ThreadPoolExecutor.java:1149)
	at java.util.concurrent.ThreadPoolExecutor$Worker.run(ThreadPoolExecutor.java:624)
	at java.lang.Thread.run(Thread.java:748)
12 20, 2020 17:09:13 下午 cn.how2j.diytomcat.catalina.HttpProcessor error
ERROR: 
java.lang.NullPointerException
	at cn.how2j.diytomcat.catalina.ApplicationFilterChain.doFilter(ApplicationFilterChain.java:42)
	at cn.how2j.diytomcat.catalina.HttpProcessor.execute(HttpProcessor.java:68)
	at cn.how2j.diytomcat.catalina.Connector.lambda$run$0(Connector.java:114)
	at java.util.concurrent.ThreadPoolExecutor.runWorker(ThreadPoolExecutor.java:1149)
	at java.util.concurrent.ThreadPoolExecutor$Worker.run(ThreadPoolExecutor.java:624)
	at java.lang.Thread.run(Thread.java:748)
12 20, 2020 17:09:14 下午 cn.how2j.diytomcat.catalina.HttpProcessor error
ERROR: 
java.lang.NullPointerException
	at cn.how2j.diytomcat.catalina.ApplicationFilterChain.doFilter(ApplicationFilterChain.java:42)
	at cn.how2j.diytomcat.catalina.HttpProcessor.execute(HttpProcessor.java:68)
	at cn.how2j.diytomcat.catalina.Connector.lambda$run$0(Connector.java:114)
	at java.util.concurrent.ThreadPoolExecutor.runWorker(ThreadPoolExecutor.java:1149)
	at java.util.concurrent.ThreadPoolExecutor$Worker.run(ThreadPoolExecutor.java:624)
	at java.lang.Thread.run(Thread.java:748)
12 20, 2020 17:09:14 下午 cn.how2j.diytomcat.catalina.HttpProcessor error
ERROR: 
java.lang.NullPointerException
	at cn.how2j.diytomcat.catalina.ApplicationFilterChain.doFilter(ApplicationFilterChain.java:42)
	at cn.how2j.diytomcat.catalina.HttpProcessor.execute(HttpProcessor.java:68)
	at cn.how2j.diytomcat.catalina.Connector.lambda$run$0(Connector.java:114)
	at java.util.concurrent.ThreadPoolExecutor.runWorker(ThreadPoolExecutor.java:1149)
	at java.util.concurrent.ThreadPoolExecutor$Worker.run(ThreadPoolExecutor.java:624)
	at java.lang.Thread.run(Thread.java:748)
12 20, 2020 17:09:14 下午 cn.how2j.diytomcat.catalina.HttpProcessor error
ERROR: 
java.lang.NullPointerException
	at cn.how2j.diytomcat.catalina.ApplicationFilterChain.doFilter(ApplicationFilterChain.java:42)
	at cn.how2j.diytomcat.catalina.HttpProcessor.execute(HttpProcessor.java:68)
	at cn.how2j.diytomcat.catalina.Connector.lambda$run$0(Connector.java:114)
	at java.util.concurrent.ThreadPoolExecutor.runWorker(ThreadPoolExecutor.java:1149)
	at java.util.concurrent.ThreadPoolExecutor$Worker.run(ThreadPoolExecutor.java:624)
	at java.lang.Thread.run(Thread.java:748)
12 20, 2020 17:13:34 下午 cn.how2j.diytomcat.catalina.Context <init>
INFO : Deploying web application directory F:\project6\diytomcat\webapps\a
12 20, 2020 17:13:34 下午 cn.how2j.diytomcat.catalina.Context <init>
INFO : Deployment of web application directory F:\project6\diytomcat\webapps\a has finished in 136 ms
12 20, 2020 17:13:34 下午 cn.how2j.diytomcat.catalina.Context <init>
INFO : Deploying web application directory F:\project6\diytomcat\webapps\j2ee
12 20, 2020 17:13:34 下午 cn.how2j.diytomcat.catalina.Context <init>
INFO : Deployment of web application directory F:\project6\diytomcat\webapps\j2ee has finished in 5 ms
12 20, 2020 17:13:34 下午 cn.how2j.diytomcat.catalina.Context <init>
INFO : Deploying web application directory F:\project6\diytomcat\webapps\ROOT
12 20, 2020 17:13:34 下午 cn.how2j.diytomcat.catalina.Context <init>
INFO : Deployment of web application directory F:\project6\diytomcat\webapps\ROOT has finished in 1 ms
12 20, 2020 17:13:34 下午 cn.how2j.diytomcat.catalina.Context <init>
INFO : Deploying web application directory F:/project6/diytomcat/b
12 20, 2020 17:13:34 下午 cn.how2j.diytomcat.catalina.Context <init>
INFO : Deployment of web application directory F:/project6/diytomcat/b has finished in 1 ms
12 20, 2020 17:13:34 下午 cn.how2j.diytomcat.catalina.Context <init>
INFO : Deploying web application directory F:/project6/javaweb/web
12 20, 2020 17:13:34 下午 cn.how2j.diytomcat.catalina.Context <init>
INFO : Deployment of web application directory F:/project6/javaweb/web has finished in 26 ms
12 20, 2020 17:13:34 下午 cn.how2j.diytomcat.catalina.Server logJVM
INFO : Server version:		How2j DiyTomcat/1.0.1
12 20, 2020 17:13:34 下午 cn.how2j.diytomcat.catalina.Server logJVM
INFO : Server built:		2020-12-13 18:28:50
12 20, 2020 17:13:34 下午 cn.how2j.diytomcat.catalina.Server logJVM
INFO : Server number:		1.0.1
12 20, 2020 17:13:34 下午 cn.how2j.diytomcat.catalina.Server logJVM
INFO : OS Name	:		Windows 10
12 20, 2020 17:13:34 下午 cn.how2j.diytomcat.catalina.Server logJVM
INFO : OS Version:		10.0
12 20, 2020 17:13:34 下午 cn.how2j.diytomcat.catalina.Server logJVM
INFO : Architecture:		amd64
12 20, 2020 17:13:34 下午 cn.how2j.diytomcat.catalina.Server logJVM
INFO : Java Home:		C:\Program Files\Java\jdk1.8.0_144\jre
12 20, 2020 17:13:34 下午 cn.how2j.diytomcat.catalina.Server logJVM
INFO : JVM Version:		1.8.0_144-b01
12 20, 2020 17:13:34 下午 cn.how2j.diytomcat.catalina.Server logJVM
INFO : JVM Vendor:		Oracle Corporation
12 20, 2020 17:13:34 下午 cn.how2j.diytomcat.catalina.Connector init
INFO : Initializing ProtocolHandler [http-bio-18080]
12 20, 2020 17:13:34 下午 cn.how2j.diytomcat.catalina.Connector init
INFO : Initializing ProtocolHandler [http-bio-18081]
12 20, 2020 17:13:34 下午 cn.how2j.diytomcat.catalina.Connector init
INFO : Initializing ProtocolHandler [http-bio-18082]
12 20, 2020 17:13:34 下午 cn.how2j.diytomcat.catalina.Service init
INFO : Initialization processed in 0 ms
12 20, 2020 17:13:34 下午 cn.how2j.diytomcat.catalina.Connector start
INFO : Starting ProtocolHandler [http-bio-18080]
12 20, 2020 17:13:34 下午 cn.how2j.diytomcat.catalina.Connector start
INFO : Starting ProtocolHandler [http-bio-18081]
12 20, 2020 17:13:34 下午 cn.how2j.diytomcat.catalina.Connector start
INFO : Starting ProtocolHandler [http-bio-18082]
12 20, 2020 17:13:34 下午 cn.how2j.diytomcat.catalina.Server start
INFO : Server startup in 6 ms
12 20, 2020 17:13:38 下午 cn.how2j.diytomcat.catalina.HttpProcessor error
ERROR: 
java.lang.NullPointerException
	at cn.how2j.diytomcat.catalina.ApplicationFilterChain.doFilter(ApplicationFilterChain.java:42)
	at cn.how2j.diytomcat.catalina.HttpProcessor.execute(HttpProcessor.java:68)
	at cn.how2j.diytomcat.catalina.Connector.lambda$run$0(Connector.java:114)
	at java.util.concurrent.ThreadPoolExecutor.runWorker(ThreadPoolExecutor.java:1149)
	at java.util.concurrent.ThreadPoolExecutor$Worker.run(ThreadPoolExecutor.java:624)
	at java.lang.Thread.run(Thread.java:748)
12 20, 2020 17:13:38 下午 cn.how2j.diytomcat.catalina.HttpProcessor error
ERROR: 
java.lang.NullPointerException
	at cn.how2j.diytomcat.catalina.ApplicationFilterChain.doFilter(ApplicationFilterChain.java:42)
	at cn.how2j.diytomcat.catalina.HttpProcessor.execute(HttpProcessor.java:68)
	at cn.how2j.diytomcat.catalina.Connector.lambda$run$0(Connector.java:114)
	at java.util.concurrent.ThreadPoolExecutor.runWorker(ThreadPoolExecutor.java:1149)
	at java.util.concurrent.ThreadPoolExecutor$Worker.run(ThreadPoolExecutor.java:624)
	at java.lang.Thread.run(Thread.java:748)
12 20, 2020 17:13:38 下午 cn.how2j.diytomcat.catalina.HttpProcessor error
ERROR: 
java.lang.NullPointerException
	at cn.how2j.diytomcat.catalina.ApplicationFilterChain.doFilter(ApplicationFilterChain.java:42)
	at cn.how2j.diytomcat.catalina.HttpProcessor.execute(HttpProcessor.java:68)
	at cn.how2j.diytomcat.catalina.Connector.lambda$run$0(Connector.java:114)
	at java.util.concurrent.ThreadPoolExecutor.runWorker(ThreadPoolExecutor.java:1149)
	at java.util.concurrent.ThreadPoolExecutor$Worker.run(ThreadPoolExecutor.java:624)
	at java.lang.Thread.run(Thread.java:748)
12 20, 2020 17:13:38 下午 cn.how2j.diytomcat.catalina.HttpProcessor error
ERROR: this is a deliberately created exception
java.lang.RuntimeException: this is a deliberately created exception
	at cn.how2j.diytomcat.servlets.DefaultServlet.service(DefaultServlet.java:54)
	at javax.servlet.http.HttpServlet.service(HttpServlet.java:731)
	at cn.how2j.diytomcat.catalina.ApplicationFilterChain.doFilter(ApplicationFilterChain.java:44)
	at cn.how2j.diytomcat.catalina.HttpProcessor.execute(HttpProcessor.java:68)
	at cn.how2j.diytomcat.catalina.Connector.lambda$run$0(Connector.java:114)
	at java.util.concurrent.ThreadPoolExecutor.runWorker(ThreadPoolExecutor.java:1149)
	at java.util.concurrent.ThreadPoolExecutor$Worker.run(ThreadPoolExecutor.java:624)
	at java.lang.Thread.run(Thread.java:748)
12 20, 2020 17:13:38 下午 cn.how2j.diytomcat.catalina.HttpProcessor error
ERROR: 
java.lang.NullPointerException
	at cn.how2j.diytomcat.catalina.ApplicationFilterChain.doFilter(ApplicationFilterChain.java:42)
	at cn.how2j.diytomcat.catalina.HttpProcessor.execute(HttpProcessor.java:68)
	at cn.how2j.diytomcat.catalina.Connector.lambda$run$0(Connector.java:114)
	at java.util.concurrent.ThreadPoolExecutor.runWorker(ThreadPoolExecutor.java:1149)
	at java.util.concurrent.ThreadPoolExecutor$Worker.run(ThreadPoolExecutor.java:624)
	at java.lang.Thread.run(Thread.java:748)
12 20, 2020 17:13:38 下午 cn.how2j.diytomcat.catalina.HttpProcessor error
ERROR: 
java.lang.NullPointerException
	at cn.how2j.diytomcat.catalina.ApplicationFilterChain.doFilter(ApplicationFilterChain.java:42)
	at cn.how2j.diytomcat.catalina.HttpProcessor.execute(HttpProcessor.java:68)
	at cn.how2j.diytomcat.catalina.Connector.lambda$run$0(Connector.java:114)
	at java.util.concurrent.ThreadPoolExecutor.runWorker(ThreadPoolExecutor.java:1149)
	at java.util.concurrent.ThreadPoolExecutor$Worker.run(ThreadPoolExecutor.java:624)
	at java.lang.Thread.run(Thread.java:748)
12 20, 2020 17:13:38 下午 cn.how2j.diytomcat.catalina.HttpProcessor error
ERROR: 
java.lang.NullPointerException
	at cn.how2j.diytomcat.catalina.ApplicationFilterChain.doFilter(ApplicationFilterChain.java:42)
	at cn.how2j.diytomcat.catalina.HttpProcessor.execute(HttpProcessor.java:68)
	at cn.how2j.diytomcat.catalina.Connector.lambda$run$0(Connector.java:114)
	at java.util.concurrent.ThreadPoolExecutor.runWorker(ThreadPoolExecutor.java:1149)
	at java.util.concurrent.ThreadPoolExecutor$Worker.run(ThreadPoolExecutor.java:624)
	at java.lang.Thread.run(Thread.java:748)
12 20, 2020 17:13:38 下午 cn.how2j.diytomcat.catalina.HttpProcessor error
ERROR: 
java.lang.NullPointerException
	at cn.how2j.diytomcat.catalina.ApplicationFilterChain.doFilter(ApplicationFilterChain.java:42)
	at cn.how2j.diytomcat.catalina.HttpProcessor.execute(HttpProcessor.java:68)
	at cn.how2j.diytomcat.catalina.Connector.lambda$run$0(Connector.java:114)
	at java.util.concurrent.ThreadPoolExecutor.runWorker(ThreadPoolExecutor.java:1149)
	at java.util.concurrent.ThreadPoolExecutor$Worker.run(ThreadPoolExecutor.java:624)
	at java.lang.Thread.run(Thread.java:748)
12 20, 2020 17:13:38 下午 cn.how2j.diytomcat.catalina.HttpProcessor error
ERROR: 
java.lang.NullPointerException
	at cn.how2j.diytomcat.catalina.ApplicationFilterChain.doFilter(ApplicationFilterChain.java:42)
	at cn.how2j.diytomcat.catalina.HttpProcessor.execute(HttpProcessor.java:68)
	at cn.how2j.diytomcat.catalina.Connector.lambda$run$0(Connector.java:114)
	at java.util.concurrent.ThreadPoolExecutor.runWorker(ThreadPoolExecutor.java:1149)
	at java.util.concurrent.ThreadPoolExecutor$Worker.run(ThreadPoolExecutor.java:624)
	at java.lang.Thread.run(Thread.java:748)
12 20, 2020 17:13:39 下午 cn.how2j.diytomcat.catalina.HttpProcessor error
ERROR: 
java.lang.NullPointerException
	at cn.how2j.diytomcat.catalina.ApplicationFilterChain.doFilter(ApplicationFilterChain.java:42)
	at cn.how2j.diytomcat.catalina.HttpProcessor.execute(HttpProcessor.java:68)
	at cn.how2j.diytomcat.catalina.Connector.lambda$run$0(Connector.java:114)
	at java.util.concurrent.ThreadPoolExecutor.runWorker(ThreadPoolExecutor.java:1149)
	at java.util.concurrent.ThreadPoolExecutor$Worker.run(ThreadPoolExecutor.java:624)
	at java.lang.Thread.run(Thread.java:748)
12 20, 2020 17:13:39 下午 cn.how2j.diytomcat.catalina.HttpProcessor error
ERROR: 
java.lang.NullPointerException
	at cn.how2j.diytomcat.catalina.ApplicationFilterChain.doFilter(ApplicationFilterChain.java:42)
	at cn.how2j.diytomcat.catalina.HttpProcessor.execute(HttpProcessor.java:68)
	at cn.how2j.diytomcat.catalina.Connector.lambda$run$0(Connector.java:114)
	at java.util.concurrent.ThreadPoolExecutor.runWorker(ThreadPoolExecutor.java:1149)
	at java.util.concurrent.ThreadPoolExecutor$Worker.run(ThreadPoolExecutor.java:624)
	at java.lang.Thread.run(Thread.java:748)
12 20, 2020 17:13:39 下午 cn.how2j.diytomcat.catalina.HttpProcessor error
ERROR: 
java.lang.NullPointerException
	at cn.how2j.diytomcat.catalina.ApplicationFilterChain.doFilter(ApplicationFilterChain.java:42)
	at cn.how2j.diytomcat.catalina.HttpProcessor.execute(HttpProcessor.java:68)
	at cn.how2j.diytomcat.catalina.Connector.lambda$run$0(Connector.java:114)
	at java.util.concurrent.ThreadPoolExecutor.runWorker(ThreadPoolExecutor.java:1149)
	at java.util.concurrent.ThreadPoolExecutor$Worker.run(ThreadPoolExecutor.java:624)
	at java.lang.Thread.run(Thread.java:748)
12 20, 2020 17:13:39 下午 cn.how2j.diytomcat.catalina.HttpProcessor error
ERROR: 
java.lang.NullPointerException
	at cn.how2j.diytomcat.catalina.ApplicationFilterChain.doFilter(ApplicationFilterChain.java:42)
	at cn.how2j.diytomcat.catalina.HttpProcessor.execute(HttpProcessor.java:68)
	at cn.how2j.diytomcat.catalina.Connector.lambda$run$0(Connector.java:114)
	at java.util.concurrent.ThreadPoolExecutor.runWorker(ThreadPoolExecutor.java:1149)
	at java.util.concurrent.ThreadPoolExecutor$Worker.run(ThreadPoolExecutor.java:624)
	at java.lang.Thread.run(Thread.java:748)
12 20, 2020 17:13:39 下午 cn.how2j.diytomcat.catalina.HttpProcessor error
ERROR: 
java.lang.NullPointerException
	at cn.how2j.diytomcat.catalina.ApplicationFilterChain.doFilter(ApplicationFilterChain.java:42)
	at cn.how2j.diytomcat.catalina.HttpProcessor.execute(HttpProcessor.java:68)
	at cn.how2j.diytomcat.catalina.Connector.lambda$run$0(Connector.java:114)
	at java.util.concurrent.ThreadPoolExecutor.runWorker(ThreadPoolExecutor.java:1149)
	at java.util.concurrent.ThreadPoolExecutor$Worker.run(ThreadPoolExecutor.java:624)
	at java.lang.Thread.run(Thread.java:748)
12 20, 2020 18:13:44 下午 cn.how2j.diytomcat.catalina.HttpProcessor error
ERROR: 
java.lang.NullPointerException
	at cn.how2j.diytomcat.catalina.ApplicationFilterChain.doFilter(ApplicationFilterChain.java:42)
	at cn.how2j.diytomcat.catalina.HttpProcessor.execute(HttpProcessor.java:68)
	at cn.how2j.diytomcat.catalina.Connector.lambda$run$0(Connector.java:114)
	at java.util.concurrent.ThreadPoolExecutor.runWorker(ThreadPoolExecutor.java:1149)
	at java.util.concurrent.ThreadPoolExecutor$Worker.run(ThreadPoolExecutor.java:624)
	at java.lang.Thread.run(Thread.java:748)
12 20, 2020 18:15:32 下午 cn.how2j.diytomcat.catalina.HttpProcessor error
ERROR: 
java.lang.NullPointerException
	at cn.how2j.diytomcat.catalina.ApplicationFilterChain.doFilter(ApplicationFilterChain.java:42)
	at cn.how2j.diytomcat.catalina.HttpProcessor.execute(HttpProcessor.java:68)
	at cn.how2j.diytomcat.catalina.Connector.lambda$run$0(Connector.java:114)
	at java.util.concurrent.ThreadPoolExecutor.runWorker(ThreadPoolExecutor.java:1149)
	at java.util.concurrent.ThreadPoolExecutor$Worker.run(ThreadPoolExecutor.java:624)
	at java.lang.Thread.run(Thread.java:748)
12 20, 2020 18:15:33 下午 cn.how2j.diytomcat.catalina.HttpProcessor error
ERROR: 
java.lang.NullPointerException
	at cn.how2j.diytomcat.catalina.ApplicationFilterChain.doFilter(ApplicationFilterChain.java:42)
	at cn.how2j.diytomcat.catalina.HttpProcessor.execute(HttpProcessor.java:68)
	at cn.how2j.diytomcat.catalina.Connector.lambda$run$0(Connector.java:114)
	at java.util.concurrent.ThreadPoolExecutor.runWorker(ThreadPoolExecutor.java:1149)
	at java.util.concurrent.ThreadPoolExecutor$Worker.run(ThreadPoolExecutor.java:624)
	at java.lang.Thread.run(Thread.java:748)
12 20, 2020 18:15:33 下午 cn.how2j.diytomcat.catalina.HttpProcessor error
ERROR: 
java.lang.NullPointerException
	at cn.how2j.diytomcat.catalina.ApplicationFilterChain.doFilter(ApplicationFilterChain.java:42)
	at cn.how2j.diytomcat.catalina.HttpProcessor.execute(HttpProcessor.java:68)
	at cn.how2j.diytomcat.catalina.Connector.lambda$run$0(Connector.java:114)
	at java.util.concurrent.ThreadPoolExecutor.runWorker(ThreadPoolExecutor.java:1149)
	at java.util.concurrent.ThreadPoolExecutor$Worker.run(ThreadPoolExecutor.java:624)
	at java.lang.Thread.run(Thread.java:748)
12 20, 2020 18:15:33 下午 cn.how2j.diytomcat.catalina.HttpProcessor error
ERROR: 
java.lang.NullPointerException
	at cn.how2j.diytomcat.catalina.ApplicationFilterChain.doFilter(ApplicationFilterChain.java:42)
	at cn.how2j.diytomcat.catalina.HttpProcessor.execute(HttpProcessor.java:68)
	at cn.how2j.diytomcat.catalina.Connector.lambda$run$0(Connector.java:114)
	at java.util.concurrent.ThreadPoolExecutor.runWorker(ThreadPoolExecutor.java:1149)
	at java.util.concurrent.ThreadPoolExecutor$Worker.run(ThreadPoolExecutor.java:624)
	at java.lang.Thread.run(Thread.java:748)
12 20, 2020 18:15:33 下午 cn.how2j.diytomcat.catalina.HttpProcessor error
ERROR: 
java.lang.NullPointerException
	at cn.how2j.diytomcat.catalina.ApplicationFilterChain.doFilter(ApplicationFilterChain.java:42)
	at cn.how2j.diytomcat.catalina.HttpProcessor.execute(HttpProcessor.java:68)
	at cn.how2j.diytomcat.catalina.Connector.lambda$run$0(Connector.java:114)
	at java.util.concurrent.ThreadPoolExecutor.runWorker(ThreadPoolExecutor.java:1149)
	at java.util.concurrent.ThreadPoolExecutor$Worker.run(ThreadPoolExecutor.java:624)
	at java.lang.Thread.run(Thread.java:748)
12 20, 2020 18:15:33 下午 cn.how2j.diytomcat.catalina.HttpProcessor error
ERROR: 
java.lang.NullPointerException
	at cn.how2j.diytomcat.catalina.ApplicationFilterChain.doFilter(ApplicationFilterChain.java:42)
	at cn.how2j.diytomcat.catalina.HttpProcessor.execute(HttpProcessor.java:68)
	at cn.how2j.diytomcat.catalina.Connector.lambda$run$0(Connector.java:114)
	at java.util.concurrent.ThreadPoolExecutor.runWorker(ThreadPoolExecutor.java:1149)
	at java.util.concurrent.ThreadPoolExecutor$Worker.run(ThreadPoolExecutor.java:624)
	at java.lang.Thread.run(Thread.java:748)
12 20, 2020 18:15:33 下午 cn.how2j.diytomcat.catalina.HttpProcessor error
ERROR: 
java.lang.NullPointerException
	at cn.how2j.diytomcat.catalina.ApplicationFilterChain.doFilter(ApplicationFilterChain.java:42)
	at cn.how2j.diytomcat.catalina.HttpProcessor.execute(HttpProcessor.java:68)
	at cn.how2j.diytomcat.catalina.Connector.lambda$run$0(Connector.java:114)
	at java.util.concurrent.ThreadPoolExecutor.runWorker(ThreadPoolExecutor.java:1149)
	at java.util.concurrent.ThreadPoolExecutor$Worker.run(ThreadPoolExecutor.java:624)
	at java.lang.Thread.run(Thread.java:748)
12 20, 2020 18:15:33 下午 cn.how2j.diytomcat.catalina.HttpProcessor error
ERROR: 
java.lang.NullPointerException
	at cn.how2j.diytomcat.catalina.ApplicationFilterChain.doFilter(ApplicationFilterChain.java:42)
	at cn.how2j.diytomcat.catalina.HttpProcessor.execute(HttpProcessor.java:68)
	at cn.how2j.diytomcat.catalina.Connector.lambda$run$0(Connector.java:114)
	at java.util.concurrent.ThreadPoolExecutor.runWorker(ThreadPoolExecutor.java:1149)
	at java.util.concurrent.ThreadPoolExecutor$Worker.run(ThreadPoolExecutor.java:624)
	at java.lang.Thread.run(Thread.java:748)
12 20, 2020 18:15:33 下午 cn.how2j.diytomcat.catalina.HttpProcessor error
ERROR: 
java.lang.NullPointerException
	at cn.how2j.diytomcat.catalina.ApplicationFilterChain.doFilter(ApplicationFilterChain.java:42)
	at cn.how2j.diytomcat.catalina.HttpProcessor.execute(HttpProcessor.java:68)
	at cn.how2j.diytomcat.catalina.Connector.lambda$run$0(Connector.java:114)
	at java.util.concurrent.ThreadPoolExecutor.runWorker(ThreadPoolExecutor.java:1149)
	at java.util.concurrent.ThreadPoolExecutor$Worker.run(ThreadPoolExecutor.java:624)
	at java.lang.Thread.run(Thread.java:748)
12 20, 2020 18:15:33 下午 cn.how2j.diytomcat.catalina.HttpProcessor error
ERROR: 
java.lang.NullPointerException
	at cn.how2j.diytomcat.catalina.ApplicationFilterChain.doFilter(ApplicationFilterChain.java:42)
	at cn.how2j.diytomcat.catalina.HttpProcessor.execute(HttpProcessor.java:68)
	at cn.how2j.diytomcat.catalina.Connector.lambda$run$0(Connector.java:114)
	at java.util.concurrent.ThreadPoolExecutor.runWorker(ThreadPoolExecutor.java:1149)
	at java.util.concurrent.ThreadPoolExecutor$Worker.run(ThreadPoolExecutor.java:624)
	at java.lang.Thread.run(Thread.java:748)
12 20, 2020 18:15:33 下午 cn.how2j.diytomcat.catalina.HttpProcessor error
ERROR: 
java.lang.NullPointerException
	at cn.how2j.diytomcat.catalina.ApplicationFilterChain.doFilter(ApplicationFilterChain.java:42)
	at cn.how2j.diytomcat.catalina.HttpProcessor.execute(HttpProcessor.java:68)
	at cn.how2j.diytomcat.catalina.Connector.lambda$run$0(Connector.java:114)
	at java.util.concurrent.ThreadPoolExecutor.runWorker(ThreadPoolExecutor.java:1149)
	at java.util.concurrent.ThreadPoolExecutor$Worker.run(ThreadPoolExecutor.java:624)
	at java.lang.Thread.run(Thread.java:748)
12 20, 2020 18:15:33 下午 cn.how2j.diytomcat.catalina.HttpProcessor error
ERROR: 
java.lang.NullPointerException
	at cn.how2j.diytomcat.catalina.ApplicationFilterChain.doFilter(ApplicationFilterChain.java:42)
	at cn.how2j.diytomcat.catalina.HttpProcessor.execute(HttpProcessor.java:68)
	at cn.how2j.diytomcat.catalina.Connector.lambda$run$0(Connector.java:114)
	at java.util.concurrent.ThreadPoolExecutor.runWorker(ThreadPoolExecutor.java:1149)
	at java.util.concurrent.ThreadPoolExecutor$Worker.run(ThreadPoolExecutor.java:624)
	at java.lang.Thread.run(Thread.java:748)
12 20, 2020 18:15:33 下午 cn.how2j.diytomcat.catalina.HttpProcessor error
ERROR: 
java.lang.NullPointerException
	at cn.how2j.diytomcat.catalina.ApplicationFilterChain.doFilter(ApplicationFilterChain.java:42)
	at cn.how2j.diytomcat.catalina.HttpProcessor.execute(HttpProcessor.java:68)
	at cn.how2j.diytomcat.catalina.Connector.lambda$run$0(Connector.java:114)
	at java.util.concurrent.ThreadPoolExecutor.runWorker(ThreadPoolExecutor.java:1149)
	at java.util.concurrent.ThreadPoolExecutor$Worker.run(ThreadPoolExecutor.java:624)
	at java.lang.Thread.run(Thread.java:748)
12 20, 2020 18:15:33 下午 cn.how2j.diytomcat.catalina.HttpProcessor error
ERROR: this is a deliberately created exception
java.lang.RuntimeException: this is a deliberately created exception
	at cn.how2j.diytomcat.servlets.DefaultServlet.service(DefaultServlet.java:54)
	at javax.servlet.http.HttpServlet.service(HttpServlet.java:731)
	at cn.how2j.diytomcat.catalina.ApplicationFilterChain.doFilter(ApplicationFilterChain.java:44)
	at cn.how2j.diytomcat.catalina.HttpProcessor.execute(HttpProcessor.java:68)
	at cn.how2j.diytomcat.catalina.Connector.lambda$run$0(Connector.java:114)
	at java.util.concurrent.ThreadPoolExecutor.runWorker(ThreadPoolExecutor.java:1149)
	at java.util.concurrent.ThreadPoolExecutor$Worker.run(ThreadPoolExecutor.java:624)
	at java.lang.Thread.run(Thread.java:748)
12 20, 2020 18:21:11 下午 cn.how2j.diytomcat.catalina.Context <init>
INFO : Deploying web application directory F:\project6\diytomcat\webapps\a
12 20, 2020 18:21:11 下午 cn.how2j.diytomcat.catalina.Context <init>
INFO : Deployment of web application directory F:\project6\diytomcat\webapps\a has finished in 137 ms
12 20, 2020 18:21:11 下午 cn.how2j.diytomcat.catalina.Context <init>
INFO : Deploying web application directory F:\project6\diytomcat\webapps\j2ee
12 20, 2020 18:21:11 下午 cn.how2j.diytomcat.catalina.Context <init>
INFO : Deployment of web application directory F:\project6\diytomcat\webapps\j2ee has finished in 5 ms
12 20, 2020 18:21:11 下午 cn.how2j.diytomcat.catalina.Context <init>
INFO : Deploying web application directory F:\project6\diytomcat\webapps\ROOT
12 20, 2020 18:21:11 下午 cn.how2j.diytomcat.catalina.Context <init>
INFO : Deployment of web application directory F:\project6\diytomcat\webapps\ROOT has finished in 1 ms
12 20, 2020 18:21:11 下午 cn.how2j.diytomcat.catalina.Context <init>
INFO : Deploying web application directory F:/project6/diytomcat/b
12 20, 2020 18:21:11 下午 cn.how2j.diytomcat.catalina.Context <init>
INFO : Deployment of web application directory F:/project6/diytomcat/b has finished in 1 ms
12 20, 2020 18:21:11 下午 cn.how2j.diytomcat.catalina.Context <init>
INFO : Deploying web application directory F:/project6/javaweb/web
12 20, 2020 18:21:11 下午 cn.how2j.diytomcat.catalina.Context <init>
INFO : Deployment of web application directory F:/project6/javaweb/web has finished in 22 ms
12 20, 2020 18:21:11 下午 cn.how2j.diytomcat.catalina.Server logJVM
INFO : Server version:		How2j DiyTomcat/1.0.1
12 20, 2020 18:21:11 下午 cn.how2j.diytomcat.catalina.Server logJVM
INFO : Server built:		2020-12-13 18:28:50
12 20, 2020 18:21:11 下午 cn.how2j.diytomcat.catalina.Server logJVM
INFO : Server number:		1.0.1
12 20, 2020 18:21:11 下午 cn.how2j.diytomcat.catalina.Server logJVM
INFO : OS Name	:		Windows 10
12 20, 2020 18:21:11 下午 cn.how2j.diytomcat.catalina.Server logJVM
INFO : OS Version:		10.0
12 20, 2020 18:21:11 下午 cn.how2j.diytomcat.catalina.Server logJVM
INFO : Architecture:		amd64
12 20, 2020 18:21:11 下午 cn.how2j.diytomcat.catalina.Server logJVM
INFO : Java Home:		C:\Program Files\Java\jdk1.8.0_144\jre
12 20, 2020 18:21:11 下午 cn.how2j.diytomcat.catalina.Server logJVM
INFO : JVM Version:		1.8.0_144-b01
12 20, 2020 18:21:11 下午 cn.how2j.diytomcat.catalina.Server logJVM
INFO : JVM Vendor:		Oracle Corporation
12 20, 2020 18:21:11 下午 cn.how2j.diytomcat.catalina.Connector init
INFO : Initializing ProtocolHandler [http-bio-18080]
12 20, 2020 18:21:11 下午 cn.how2j.diytomcat.catalina.Connector init
INFO : Initializing ProtocolHandler [http-bio-18081]
12 20, 2020 18:21:11 下午 cn.how2j.diytomcat.catalina.Connector init
INFO : Initializing ProtocolHandler [http-bio-18082]
12 20, 2020 18:21:11 下午 cn.how2j.diytomcat.catalina.Service init
INFO : Initialization processed in 1 ms
12 20, 2020 18:21:11 下午 cn.how2j.diytomcat.catalina.Connector start
INFO : Starting ProtocolHandler [http-bio-18080]
12 20, 2020 18:21:11 下午 cn.how2j.diytomcat.catalina.Connector start
INFO : Starting ProtocolHandler [http-bio-18081]
12 20, 2020 18:21:11 下午 cn.how2j.diytomcat.catalina.Connector start
INFO : Starting ProtocolHandler [http-bio-18082]
12 20, 2020 18:21:11 下午 cn.how2j.diytomcat.catalina.Server start
INFO : Server startup in 7 ms
12 20, 2020 18:21:33 下午 cn.how2j.diytomcat.catalina.HttpProcessor error
ERROR: 
java.lang.NullPointerException
	at cn.how2j.diytomcat.catalina.ApplicationFilterChain.doFilter(ApplicationFilterChain.java:41)
	at cn.how2j.diytomcat.catalina.HttpProcessor.execute(HttpProcessor.java:68)
	at cn.how2j.diytomcat.catalina.Connector.lambda$run$0(Connector.java:114)
	at java.util.concurrent.ThreadPoolExecutor.runWorker(ThreadPoolExecutor.java:1149)
	at java.util.concurrent.ThreadPoolExecutor$Worker.run(ThreadPoolExecutor.java:624)
	at java.lang.Thread.run(Thread.java:748)
12 20, 2020 18:21:33 下午 cn.how2j.diytomcat.catalina.HttpProcessor error
ERROR: 
java.lang.NullPointerException
	at cn.how2j.diytomcat.catalina.ApplicationFilterChain.doFilter(ApplicationFilterChain.java:41)
	at cn.how2j.diytomcat.catalina.HttpProcessor.execute(HttpProcessor.java:68)
	at cn.how2j.diytomcat.catalina.Connector.lambda$run$0(Connector.java:114)
	at java.util.concurrent.ThreadPoolExecutor.runWorker(ThreadPoolExecutor.java:1149)
	at java.util.concurrent.ThreadPoolExecutor$Worker.run(ThreadPoolExecutor.java:624)
	at java.lang.Thread.run(Thread.java:748)
12 20, 2020 18:21:33 下午 cn.how2j.diytomcat.catalina.HttpProcessor error
ERROR: 
java.lang.NullPointerException
	at cn.how2j.diytomcat.catalina.ApplicationFilterChain.doFilter(ApplicationFilterChain.java:41)
	at cn.how2j.diytomcat.catalina.HttpProcessor.execute(HttpProcessor.java:68)
	at cn.how2j.diytomcat.catalina.Connector.lambda$run$0(Connector.java:114)
	at java.util.concurrent.ThreadPoolExecutor.runWorker(ThreadPoolExecutor.java:1149)
	at java.util.concurrent.ThreadPoolExecutor$Worker.run(ThreadPoolExecutor.java:624)
	at java.lang.Thread.run(Thread.java:748)
12 20, 2020 18:21:33 下午 cn.how2j.diytomcat.catalina.HttpProcessor error
ERROR: 
java.lang.NullPointerException
	at cn.how2j.diytomcat.catalina.ApplicationFilterChain.doFilter(ApplicationFilterChain.java:41)
	at cn.how2j.diytomcat.catalina.HttpProcessor.execute(HttpProcessor.java:68)
	at cn.how2j.diytomcat.catalina.Connector.lambda$run$0(Connector.java:114)
	at java.util.concurrent.ThreadPoolExecutor.runWorker(ThreadPoolExecutor.java:1149)
	at java.util.concurrent.ThreadPoolExecutor$Worker.run(ThreadPoolExecutor.java:624)
	at java.lang.Thread.run(Thread.java:748)
12 20, 2020 18:21:33 下午 cn.how2j.diytomcat.catalina.HttpProcessor error
ERROR: this is a deliberately created exception
java.lang.RuntimeException: this is a deliberately created exception
	at cn.how2j.diytomcat.servlets.DefaultServlet.service(DefaultServlet.java:54)
	at javax.servlet.http.HttpServlet.service(HttpServlet.java:731)
	at cn.how2j.diytomcat.catalina.ApplicationFilterChain.doFilter(ApplicationFilterChain.java:43)
	at cn.how2j.diytomcat.catalina.HttpProcessor.execute(HttpProcessor.java:68)
	at cn.how2j.diytomcat.catalina.Connector.lambda$run$0(Connector.java:114)
	at java.util.concurrent.ThreadPoolExecutor.runWorker(ThreadPoolExecutor.java:1149)
	at java.util.concurrent.ThreadPoolExecutor$Worker.run(ThreadPoolExecutor.java:624)
	at java.lang.Thread.run(Thread.java:748)
12 20, 2020 18:21:33 下午 cn.how2j.diytomcat.catalina.HttpProcessor error
ERROR: 
java.lang.NullPointerException
	at cn.how2j.diytomcat.catalina.ApplicationFilterChain.doFilter(ApplicationFilterChain.java:41)
	at cn.how2j.diytomcat.catalina.HttpProcessor.execute(HttpProcessor.java:68)
	at cn.how2j.diytomcat.catalina.Connector.lambda$run$0(Connector.java:114)
	at java.util.concurrent.ThreadPoolExecutor.runWorker(ThreadPoolExecutor.java:1149)
	at java.util.concurrent.ThreadPoolExecutor$Worker.run(ThreadPoolExecutor.java:624)
	at java.lang.Thread.run(Thread.java:748)
12 20, 2020 18:21:33 下午 cn.how2j.diytomcat.catalina.HttpProcessor error
ERROR: 
java.lang.NullPointerException
	at cn.how2j.diytomcat.catalina.ApplicationFilterChain.doFilter(ApplicationFilterChain.java:41)
	at cn.how2j.diytomcat.catalina.HttpProcessor.execute(HttpProcessor.java:68)
	at cn.how2j.diytomcat.catalina.Connector.lambda$run$0(Connector.java:114)
	at java.util.concurrent.ThreadPoolExecutor.runWorker(ThreadPoolExecutor.java:1149)
	at java.util.concurrent.ThreadPoolExecutor$Worker.run(ThreadPoolExecutor.java:624)
	at java.lang.Thread.run(Thread.java:748)
12 20, 2020 18:21:33 下午 cn.how2j.diytomcat.catalina.HttpProcessor error
ERROR: 
java.lang.NullPointerException
	at cn.how2j.diytomcat.catalina.ApplicationFilterChain.doFilter(ApplicationFilterChain.java:41)
	at cn.how2j.diytomcat.catalina.HttpProcessor.execute(HttpProcessor.java:68)
	at cn.how2j.diytomcat.catalina.Connector.lambda$run$0(Connector.java:114)
	at java.util.concurrent.ThreadPoolExecutor.runWorker(ThreadPoolExecutor.java:1149)
	at java.util.concurrent.ThreadPoolExecutor$Worker.run(ThreadPoolExecutor.java:624)
	at java.lang.Thread.run(Thread.java:748)
12 20, 2020 18:21:33 下午 cn.how2j.diytomcat.catalina.HttpProcessor error
ERROR: 
java.lang.NullPointerException
	at cn.how2j.diytomcat.catalina.ApplicationFilterChain.doFilter(ApplicationFilterChain.java:41)
	at cn.how2j.diytomcat.catalina.HttpProcessor.execute(HttpProcessor.java:68)
	at cn.how2j.diytomcat.catalina.Connector.lambda$run$0(Connector.java:114)
	at java.util.concurrent.ThreadPoolExecutor.runWorker(ThreadPoolExecutor.java:1149)
	at java.util.concurrent.ThreadPoolExecutor$Worker.run(ThreadPoolExecutor.java:624)
	at java.lang.Thread.run(Thread.java:748)
12 20, 2020 18:21:33 下午 cn.how2j.diytomcat.catalina.HttpProcessor error
ERROR: 
java.lang.NullPointerException
	at cn.how2j.diytomcat.catalina.ApplicationFilterChain.doFilter(ApplicationFilterChain.java:41)
	at cn.how2j.diytomcat.catalina.HttpProcessor.execute(HttpProcessor.java:68)
	at cn.how2j.diytomcat.catalina.Connector.lambda$run$0(Connector.java:114)
	at java.util.concurrent.ThreadPoolExecutor.runWorker(ThreadPoolExecutor.java:1149)
	at java.util.concurrent.ThreadPoolExecutor$Worker.run(ThreadPoolExecutor.java:624)
	at java.lang.Thread.run(Thread.java:748)
12 20, 2020 18:21:33 下午 cn.how2j.diytomcat.catalina.HttpProcessor error
ERROR: 
java.lang.NullPointerException
	at cn.how2j.diytomcat.catalina.ApplicationFilterChain.doFilter(ApplicationFilterChain.java:41)
	at cn.how2j.diytomcat.catalina.HttpProcessor.execute(HttpProcessor.java:68)
	at cn.how2j.diytomcat.catalina.Connector.lambda$run$0(Connector.java:114)
	at java.util.concurrent.ThreadPoolExecutor.runWorker(ThreadPoolExecutor.java:1149)
	at java.util.concurrent.ThreadPoolExecutor$Worker.run(ThreadPoolExecutor.java:624)
	at java.lang.Thread.run(Thread.java:748)
12 20, 2020 18:21:33 下午 cn.how2j.diytomcat.catalina.HttpProcessor error
ERROR: 
java.lang.NullPointerException
	at cn.how2j.diytomcat.catalina.ApplicationFilterChain.doFilter(ApplicationFilterChain.java:41)
	at cn.how2j.diytomcat.catalina.HttpProcessor.execute(HttpProcessor.java:68)
	at cn.how2j.diytomcat.catalina.Connector.lambda$run$0(Connector.java:114)
	at java.util.concurrent.ThreadPoolExecutor.runWorker(ThreadPoolExecutor.java:1149)
	at java.util.concurrent.ThreadPoolExecutor$Worker.run(ThreadPoolExecutor.java:624)
	at java.lang.Thread.run(Thread.java:748)
12 20, 2020 18:21:33 下午 cn.how2j.diytomcat.catalina.HttpProcessor error
ERROR: 
java.lang.NullPointerException
	at cn.how2j.diytomcat.catalina.ApplicationFilterChain.doFilter(ApplicationFilterChain.java:41)
	at cn.how2j.diytomcat.catalina.HttpProcessor.execute(HttpProcessor.java:68)
	at cn.how2j.diytomcat.catalina.Connector.lambda$run$0(Connector.java:114)
	at java.util.concurrent.ThreadPoolExecutor.runWorker(ThreadPoolExecutor.java:1149)
	at java.util.concurrent.ThreadPoolExecutor$Worker.run(ThreadPoolExecutor.java:624)
	at java.lang.Thread.run(Thread.java:748)
12 20, 2020 18:21:33 下午 cn.how2j.diytomcat.catalina.HttpProcessor error
ERROR: 
java.lang.NullPointerException
	at cn.how2j.diytomcat.catalina.ApplicationFilterChain.doFilter(ApplicationFilterChain.java:41)
	at cn.how2j.diytomcat.catalina.HttpProcessor.execute(HttpProcessor.java:68)
	at cn.how2j.diytomcat.catalina.Connector.lambda$run$0(Connector.java:114)
	at java.util.concurrent.ThreadPoolExecutor.runWorker(ThreadPoolExecutor.java:1149)
	at java.util.concurrent.ThreadPoolExecutor$Worker.run(ThreadPoolExecutor.java:624)
	at java.lang.Thread.run(Thread.java:748)
12 20, 2020 18:33:56 下午 cn.how2j.diytomcat.catalina.Context <init>
INFO : Deploying web application directory F:\project6\diytomcat\webapps\a
12 20, 2020 18:33:56 下午 cn.how2j.diytomcat.catalina.Context <init>
INFO : Deployment of web application directory F:\project6\diytomcat\webapps\a has finished in 134 ms
12 20, 2020 18:33:56 下午 cn.how2j.diytomcat.catalina.Context <init>
INFO : Deploying web application directory F:\project6\diytomcat\webapps\j2ee
12 20, 2020 18:33:56 下午 cn.how2j.diytomcat.catalina.Context <init>
INFO : Deployment of web application directory F:\project6\diytomcat\webapps\j2ee has finished in 5 ms
12 20, 2020 18:33:56 下午 cn.how2j.diytomcat.catalina.Context <init>
INFO : Deploying web application directory F:\project6\diytomcat\webapps\ROOT
12 20, 2020 18:33:56 下午 cn.how2j.diytomcat.catalina.Context <init>
INFO : Deployment of web application directory F:\project6\diytomcat\webapps\ROOT has finished in 2 ms
12 20, 2020 18:33:56 下午 cn.how2j.diytomcat.catalina.Context <init>
INFO : Deploying web application directory F:/project6/diytomcat/b
12 20, 2020 18:33:56 下午 cn.how2j.diytomcat.catalina.Context <init>
INFO : Deployment of web application directory F:/project6/diytomcat/b has finished in 2 ms
12 20, 2020 18:33:56 下午 cn.how2j.diytomcat.catalina.Context <init>
INFO : Deploying web application directory F:/project6/javaweb/web
12 20, 2020 18:33:56 下午 cn.how2j.diytomcat.catalina.Context <init>
INFO : Deployment of web application directory F:/project6/javaweb/web has finished in 26 ms
12 20, 2020 18:33:56 下午 cn.how2j.diytomcat.catalina.Server logJVM
INFO : Server version:		How2j DiyTomcat/1.0.1
12 20, 2020 18:33:56 下午 cn.how2j.diytomcat.catalina.Server logJVM
INFO : Server built:		2020-12-13 18:28:50
12 20, 2020 18:33:56 下午 cn.how2j.diytomcat.catalina.Server logJVM
INFO : Server number:		1.0.1
12 20, 2020 18:33:56 下午 cn.how2j.diytomcat.catalina.Server logJVM
INFO : OS Name	:		Windows 10
12 20, 2020 18:33:56 下午 cn.how2j.diytomcat.catalina.Server logJVM
INFO : OS Version:		10.0
12 20, 2020 18:33:56 下午 cn.how2j.diytomcat.catalina.Server logJVM
INFO : Architecture:		amd64
12 20, 2020 18:33:56 下午 cn.how2j.diytomcat.catalina.Server logJVM
INFO : Java Home:		C:\Program Files\Java\jdk1.8.0_144\jre
12 20, 2020 18:33:56 下午 cn.how2j.diytomcat.catalina.Server logJVM
INFO : JVM Version:		1.8.0_144-b01
12 20, 2020 18:33:56 下午 cn.how2j.diytomcat.catalina.Server logJVM
INFO : JVM Vendor:		Oracle Corporation
12 20, 2020 18:33:56 下午 cn.how2j.diytomcat.catalina.Connector init
INFO : Initializing ProtocolHandler [http-bio-18080]
12 20, 2020 18:33:56 下午 cn.how2j.diytomcat.catalina.Connector init
INFO : Initializing ProtocolHandler [http-bio-18081]
12 20, 2020 18:33:56 下午 cn.how2j.diytomcat.catalina.Connector init
INFO : Initializing ProtocolHandler [http-bio-18082]
12 20, 2020 18:33:56 下午 cn.how2j.diytomcat.catalina.Service init
INFO : Initialization processed in 0 ms
12 20, 2020 18:33:56 下午 cn.how2j.diytomcat.catalina.Connector start
INFO : Starting ProtocolHandler [http-bio-18080]
12 20, 2020 18:33:56 下午 cn.how2j.diytomcat.catalina.Connector start
INFO : Starting ProtocolHandler [http-bio-18081]
12 20, 2020 18:33:56 下午 cn.how2j.diytomcat.catalina.Connector start
INFO : Starting ProtocolHandler [http-bio-18082]
12 20, 2020 18:33:56 下午 cn.how2j.diytomcat.catalina.Server start
INFO : Server startup in 5 ms
12 20, 2020 18:34:00 下午 cn.how2j.diytomcat.catalina.HttpProcessor error
ERROR: this is a deliberately created exception
java.lang.RuntimeException: this is a deliberately created exception
	at cn.how2j.diytomcat.servlets.DefaultServlet.service(DefaultServlet.java:54)
	at javax.servlet.http.HttpServlet.service(HttpServlet.java:731)
	at cn.how2j.diytomcat.catalina.ApplicationFilterChain.doFilter(ApplicationFilterChain.java:43)
	at cn.how2j.diytomcat.catalina.HttpProcessor.execute(HttpProcessor.java:68)
	at cn.how2j.diytomcat.catalina.Connector.lambda$run$0(Connector.java:114)
	at java.util.concurrent.ThreadPoolExecutor.runWorker(ThreadPoolExecutor.java:1149)
	at java.util.concurrent.ThreadPoolExecutor$Worker.run(ThreadPoolExecutor.java:624)
	at java.lang.Thread.run(Thread.java:748)
