12 13, 2020 18:43:54 下午 cn.how2j.diytomcat.Bootstrap logJVM
INFO : Server version:		How2j DiyTomcat/1.0.1
12 13, 2020 18:43:54 下午 cn.how2j.diytomcat.Bootstrap logJVM
INFO : Server built:		2020-12-13 18:28:50
12 13, 2020 18:43:54 下午 cn.how2j.diytomcat.Bootstrap logJVM
INFO : Server number:		1.0.1
12 13, 2020 18:43:54 下午 cn.how2j.diytomcat.Bootstrap logJVM
INFO : OS Name	:		Windows 10
12 13, 2020 18:43:54 下午 cn.how2j.diytomcat.Bootstrap logJVM
INFO : OS Version:		10.0
12 13, 2020 18:43:55 下午 cn.how2j.diytomcat.Bootstrap logJVM
INFO : Architecture:		amd64
12 13, 2020 18:43:55 下午 cn.how2j.diytomcat.Bootstrap logJVM
INFO : Java Home:		C:\Program Files\Java\jdk1.8.0_144\jre
12 13, 2020 18:43:55 下午 cn.how2j.diytomcat.Bootstrap logJVM
INFO : JVM Version:		1.8.0_144-b01
12 13, 2020 18:43:55 下午 cn.how2j.diytomcat.Bootstrap logJVM
INFO : JVM Vendor:		Oracle Corporation
12 13, 2020 19:00:03 下午 cn.how2j.diytomcat.Bootstrap logJVM
INFO : Server version:		How2j DiyTomcat/1.0.1
12 13, 2020 19:00:03 下午 cn.how2j.diytomcat.Bootstrap logJVM
INFO : Server built:		2020-12-13 18:28:50
12 13, 2020 19:00:03 下午 cn.how2j.diytomcat.Bootstrap logJVM
INFO : Server number:		1.0.1
12 13, 2020 19:00:03 下午 cn.how2j.diytomcat.Bootstrap logJVM
INFO : OS Name	:		Windows 10
12 13, 2020 19:00:03 下午 cn.how2j.diytomcat.Bootstrap logJVM
INFO : OS Version:		10.0
12 13, 2020 19:00:03 下午 cn.how2j.diytomcat.Bootstrap logJVM
INFO : Architecture:		amd64
12 13, 2020 19:00:03 下午 cn.how2j.diytomcat.Bootstrap logJVM
INFO : Java Home:		C:\Program Files\Java\jdk1.8.0_144\jre
12 13, 2020 19:00:03 下午 cn.how2j.diytomcat.Bootstrap logJVM
INFO : JVM Version:		1.8.0_144-b01
12 13, 2020 19:00:03 下午 cn.how2j.diytomcat.Bootstrap logJVM
INFO : JVM Vendor:		Oracle Corporation
12 13, 2020 19:20:29 下午 cn.how2j.diytomcat.Bootstrap logJVM
INFO : Server version:		How2j DiyTomcat/1.0.1
12 13, 2020 19:20:29 下午 cn.how2j.diytomcat.Bootstrap logJVM
INFO : Server built:		2020-12-13 18:28:50
12 13, 2020 19:20:29 下午 cn.how2j.diytomcat.Bootstrap logJVM
INFO : Server number:		1.0.1
12 13, 2020 19:20:29 下午 cn.how2j.diytomcat.Bootstrap logJVM
INFO : OS Name	:		Windows 10
12 13, 2020 19:20:29 下午 cn.how2j.diytomcat.Bootstrap logJVM
INFO : OS Version:		10.0
12 13, 2020 19:20:29 下午 cn.how2j.diytomcat.Bootstrap logJVM
INFO : Architecture:		amd64
12 13, 2020 19:20:30 下午 cn.how2j.diytomcat.Bootstrap logJVM
INFO : Java Home:		C:\Program Files\Java\jdk1.8.0_144\jre
12 13, 2020 19:20:30 下午 cn.how2j.diytomcat.Bootstrap logJVM
INFO : JVM Version:		1.8.0_144-b01
12 13, 2020 19:20:30 下午 cn.how2j.diytomcat.Bootstrap logJVM
INFO : JVM Vendor:		Oracle Corporation
12 13, 2020 19:48:09 下午 cn.how2j.diytomcat.Bootstrap logJVM
INFO : Server version:		How2j DiyTomcat/1.0.1
12 13, 2020 19:48:09 下午 cn.how2j.diytomcat.Bootstrap logJVM
INFO : Server built:		2020-12-13 18:28:50
12 13, 2020 19:48:09 下午 cn.how2j.diytomcat.Bootstrap logJVM
INFO : Server number:		1.0.1
12 13, 2020 19:48:09 下午 cn.how2j.diytomcat.Bootstrap logJVM
INFO : OS Name	:		Windows 10
12 13, 2020 19:48:09 下午 cn.how2j.diytomcat.Bootstrap logJVM
INFO : OS Version:		10.0
12 13, 2020 19:48:09 下午 cn.how2j.diytomcat.Bootstrap logJVM
INFO : Architecture:		amd64
12 13, 2020 19:48:09 下午 cn.how2j.diytomcat.Bootstrap logJVM
INFO : Java Home:		C:\Program Files\Java\jdk1.8.0_144\jre
12 13, 2020 19:48:09 下午 cn.how2j.diytomcat.Bootstrap logJVM
INFO : JVM Version:		1.8.0_144-b01
12 13, 2020 19:48:09 下午 cn.how2j.diytomcat.Bootstrap logJVM
INFO : JVM Vendor:		Oracle Corporation
12 13, 2020 19:50:00 下午 cn.how2j.diytomcat.Bootstrap logJVM
INFO : Server version:		How2j DiyTomcat/1.0.1
12 13, 2020 19:50:00 下午 cn.how2j.diytomcat.Bootstrap logJVM
INFO : Server built:		2020-12-13 18:28:50
12 13, 2020 19:50:00 下午 cn.how2j.diytomcat.Bootstrap logJVM
INFO : Server number:		1.0.1
12 13, 2020 19:50:00 下午 cn.how2j.diytomcat.Bootstrap logJVM
INFO : OS Name	:		Windows 10
12 13, 2020 19:50:00 下午 cn.how2j.diytomcat.Bootstrap logJVM
INFO : OS Version:		10.0
12 13, 2020 19:50:00 下午 cn.how2j.diytomcat.Bootstrap logJVM
INFO : Architecture:		amd64
12 13, 2020 19:50:00 下午 cn.how2j.diytomcat.Bootstrap logJVM
INFO : Java Home:		C:\Program Files\Java\jdk1.8.0_144\jre
12 13, 2020 19:50:00 下午 cn.how2j.diytomcat.Bootstrap logJVM
INFO : JVM Version:		1.8.0_144-b01
12 13, 2020 19:50:00 下午 cn.how2j.diytomcat.Bootstrap logJVM
INFO : JVM Vendor:		Oracle Corporation
12 13, 2020 19:53:19 下午 cn.how2j.diytomcat.Bootstrap logJVM
INFO : Server version:		How2j DiyTomcat/1.0.1
12 13, 2020 19:53:19 下午 cn.how2j.diytomcat.Bootstrap logJVM
INFO : Server built:		2020-12-13 18:28:50
12 13, 2020 19:53:19 下午 cn.how2j.diytomcat.Bootstrap logJVM
INFO : Server number:		1.0.1
12 13, 2020 19:53:19 下午 cn.how2j.diytomcat.Bootstrap logJVM
INFO : OS Name	:		Windows 10
12 13, 2020 19:53:19 下午 cn.how2j.diytomcat.Bootstrap logJVM
INFO : OS Version:		10.0
12 13, 2020 19:53:19 下午 cn.how2j.diytomcat.Bootstrap logJVM
INFO : Architecture:		amd64
12 13, 2020 19:53:19 下午 cn.how2j.diytomcat.Bootstrap logJVM
INFO : Java Home:		C:\Program Files\Java\jdk1.8.0_144\jre
12 13, 2020 19:53:19 下午 cn.how2j.diytomcat.Bootstrap logJVM
INFO : JVM Version:		1.8.0_144-b01
12 13, 2020 19:53:19 下午 cn.how2j.diytomcat.Bootstrap logJVM
INFO : JVM Vendor:		Oracle Corporation
12 13, 2020 19:55:52 下午 cn.how2j.diytomcat.Bootstrap logJVM
INFO : Server version:		How2j DiyTomcat/1.0.1
12 13, 2020 19:55:52 下午 cn.how2j.diytomcat.Bootstrap logJVM
INFO : Server built:		2020-12-13 18:28:50
12 13, 2020 19:55:52 下午 cn.how2j.diytomcat.Bootstrap logJVM
INFO : Server number:		1.0.1
12 13, 2020 19:55:52 下午 cn.how2j.diytomcat.Bootstrap logJVM
INFO : OS Name	:		Windows 10
12 13, 2020 19:55:52 下午 cn.how2j.diytomcat.Bootstrap logJVM
INFO : OS Version:		10.0
12 13, 2020 19:55:52 下午 cn.how2j.diytomcat.Bootstrap logJVM
INFO : Architecture:		amd64
12 13, 2020 19:55:52 下午 cn.how2j.diytomcat.Bootstrap logJVM
INFO : Java Home:		C:\Program Files\Java\jdk1.8.0_144\jre
12 13, 2020 19:55:52 下午 cn.how2j.diytomcat.Bootstrap logJVM
INFO : JVM Version:		1.8.0_144-b01
12 13, 2020 19:55:52 下午 cn.how2j.diytomcat.Bootstrap logJVM
INFO : JVM Vendor:		Oracle Corporation
12 13, 2020 19:55:52 下午 cn.how2j.diytomcat.catalina.Context <init>
INFO : Deploying web application directory F:\project6\diytomcat\webapps\a
12 13, 2020 19:55:52 下午 cn.how2j.diytomcat.catalina.Context <init>
INFO : Deployment of web application directory F:\project6\diytomcat\webapps\a has finished in 0 ms
12 13, 2020 19:55:52 下午 cn.how2j.diytomcat.catalina.Context <init>
INFO : Deploying web application directory F:\project6\diytomcat\webapps\ROOT
12 13, 2020 19:55:52 下午 cn.how2j.diytomcat.catalina.Context <init>
INFO : Deployment of web application directory F:\project6\diytomcat\webapps\ROOT has finished in 0 ms
12 13, 2020 20:12:44 下午 cn.how2j.diytomcat.Bootstrap logJVM
INFO : Server version:		How2j DiyTomcat/1.0.1
12 13, 2020 20:12:44 下午 cn.how2j.diytomcat.Bootstrap logJVM
INFO : Server built:		2020-12-13 18:28:50
12 13, 2020 20:12:44 下午 cn.how2j.diytomcat.Bootstrap logJVM
INFO : Server number:		1.0.1
12 13, 2020 20:12:44 下午 cn.how2j.diytomcat.Bootstrap logJVM
INFO : OS Name	:		Windows 10
12 13, 2020 20:12:44 下午 cn.how2j.diytomcat.Bootstrap logJVM
INFO : OS Version:		10.0
12 13, 2020 20:12:44 下午 cn.how2j.diytomcat.Bootstrap logJVM
INFO : Architecture:		amd64
12 13, 2020 20:12:44 下午 cn.how2j.diytomcat.Bootstrap logJVM
INFO : Java Home:		C:\Program Files\Java\jdk1.8.0_144\jre
12 13, 2020 20:12:44 下午 cn.how2j.diytomcat.Bootstrap logJVM
INFO : JVM Version:		1.8.0_144-b01
12 13, 2020 20:12:44 下午 cn.how2j.diytomcat.Bootstrap logJVM
INFO : JVM Vendor:		Oracle Corporation
12 13, 2020 20:12:44 下午 cn.how2j.diytomcat.catalina.Context <init>
INFO : Deploying web application directory F:\project6\diytomcat\webapps\a
12 13, 2020 20:12:44 下午 cn.how2j.diytomcat.catalina.Context <init>
INFO : Deployment of web application directory F:\project6\diytomcat\webapps\a has finished in 1 ms
12 13, 2020 20:12:44 下午 cn.how2j.diytomcat.catalina.Context <init>
INFO : Deploying web application directory F:\project6\diytomcat\webapps\ROOT
12 13, 2020 20:12:44 下午 cn.how2j.diytomcat.catalina.Context <init>
INFO : Deployment of web application directory F:\project6\diytomcat\webapps\ROOT has finished in 1 ms
12 13, 2020 20:12:44 下午 cn.how2j.diytomcat.catalina.Context <init>
INFO : Deploying web application directory F:/project6/diytomcat/b
12 13, 2020 20:12:44 下午 cn.how2j.diytomcat.catalina.Context <init>
INFO : Deployment of web application directory F:/project6/diytomcat/b has finished in 1 ms
